
> prop-ie-aws-app@0.1.0 dev
> next dev

   ▲ Next.js 15.3.1
   - Local:        http://localhost:3000
   - Network:      http://192.168.0.44:3000
   - Environments: .env.local, .env

 ✓ Starting...
 ✓ Ready in 2.2s
 ✓ Compiled /middleware in 112ms (108 modules)
 ○ Compiling /developer/projects/fitzgerald-gardens ...
 ✓ Compiled /developer/projects/fitzgerald-gardens in 5.4s (2659 modules)
 ⚠ metadataBase property in metadata export is not set for resolving social open graph or twitter images, using "http://localhost:3000". See https://nextjs.org/docs/app/api-reference/functions/generate-metadata#metadatabase
 GET /developer/projects/fitzgerald-gardens 200 in 5920ms
 ○ Compiling /developments/[id] ...
 ✓ Compiled /developments/[id] in 769ms (2703 modules)
 ⨯ [Error: Cannot find module './vendor-chunks/@aws-amplify.js'
Require stack:
- /Users/kevin/backups/awsready_20250524/prop-ie-aws-app-PERFECT-WORKING-JUNE13-2025/.next/server/webpack-runtime.js
- /Users/kevin/backups/awsready_20250524/prop-ie-aws-app-PERFECT-WORKING-JUNE13-2025/.next/server/app/developments/[id]/page.js
- /Users/kevin/backups/awsready_20250524/prop-ie-aws-app-PERFECT-WORKING-JUNE13-2025/node_modules/next/dist/server/require.js
- /Users/kevin/backups/awsready_20250524/prop-ie-aws-app-PERFECT-WORKING-JUNE13-2025/node_modules/next/dist/server/load-components.js
- /Users/kevin/backups/awsready_20250524/prop-ie-aws-app-PERFECT-WORKING-JUNE13-2025/node_modules/next/dist/build/utils.js
- /Users/kevin/backups/awsready_20250524/prop-ie-aws-app-PERFECT-WORKING-JUNE13-2025/node_modules/next/dist/server/dev/static-paths-worker.js
- /Users/kevin/backups/awsready_20250524/prop-ie-aws-app-PERFECT-WORKING-JUNE13-2025/node_modules/next/dist/compiled/jest-worker/processChild.js] {
  type: 'Error',
  code: 'MODULE_NOT_FOUND',
  requireStack: [Array],
  page: '/developments/fitzgerald-gardens'
}
 ✓ Compiled /_error in 267ms (3020 modules)
 GET /developments/fitzgerald-gardens 500 in 2404ms
 ✓ Compiled / in 389ms (3045 modules)
 ⚠ metadataBase property in metadata export is not set for resolving social open graph or twitter images, using "http://localhost:3000". See https://nextjs.org/docs/app/api-reference/functions/generate-metadata#metadatabase
 GET / 200 in 688ms
 ✓ Compiled /_not-found in 235ms (3049 modules)
 ⚠ metadataBase property in metadata export is not set for resolving social open graph or twitter images, using "http://localhost:3000". See https://nextjs.org/docs/app/api-reference/functions/generate-metadata#metadatabase
 GET /_next/static/css/app/layout.css?v=1750002464131 404 in 537ms
 GET /_next/static/chunks/main-app.js?v=1750002464131 404 in 102ms
 GET /_next/static/chunks/app-pages-internals.js 404 in 102ms
 GET /icon-16x16.png 404 in 32ms
 GET /icon-32x32.png 404 in 36ms
 GET /icon-144x144.png 404 in 28ms
 GET / 200 in 75ms
 GET /_next/static/css/app/layout.css?v=1750002467366 404 in 28ms
 GET /_next/static/chunks/main-app.js?v=1750002467366 404 in 46ms
 GET /_next/static/chunks/app-pages-internals.js 404 in 29ms
 GET /icon-16x16.png 404 in 29ms
 GET /icon-32x32.png 404 in 25ms
 GET /icon-144x144.png 404 in 26ms
[?25h
