
> prop-ie-aws-app@0.1.0 dev
> next dev

   ▲ Next.js 15.3.3
   - Local:        http://localhost:3000
   - Network:      http://192.168.0.44:3000
   - Environments: .env.local, .env
   - Experiments (use with caution):
     · clientTraceMetadata

 ✓ Starting...
[@sentry/nextjs] DEPRECATION WARNING: It is recommended renaming your `sentry.client.config.ts` file, or moving its content to `instrumentation-client.ts`. When using Turbopack `sentry.client.config.ts` will no longer work. Read more about the `instrumentation-client.ts` file: https://nextjs.org/docs/app/api-reference/file-conventions/instrumentation-client
 ✓ Ready in 5.7s
 ✓ Compiled /middleware in 249ms (301 modules)
 ○ Compiling /sentry-example-page ...
 ✓ Compiled /sentry-example-page in 5.4s (5922 modules)
 HEAD /sentry-example-page 200 in 6168ms
<w> [webpack.cache.PackFileCacheStrategy] Serializing big strings (253kiB) impacts deserialization performance (consider using Buffer instead and decode when needed)
 ○ Compiling /api/test-sentry ...
 ✓ Compiled /api/test-sentry in 1131ms (5941 modules)
 GET /api/test-sentry 500 in 1362ms
 GET /api/test-sentry 500 in 31ms
 ✓ Compiled in 4s (6242 modules)
 ○ Compiling /api/sentry-debug ...
 ✓ Compiled /api/sentry-debug in 520ms (5943 modules)
 GET /api/sentry-debug 200 in 626ms
 ✓ Compiled in 958ms (3409 modules)
 ✓ Compiled /api/sentry-network-test in 242ms (3110 modules)
🔍 Testing Sentry network connectivity...
📤 Sentry eventId: 4a4a3d4168e5419582470d80b8b1706b
✅ Sentry flush completed
 GET /api/sentry-network-test 200 in 428ms
   Reload env: .env.local
 ✓ Compiled in 397ms (2585 modules)
 ✓ Compiled in 128ms (2284 modules)
 ⚠ Found a change in next.config.js. Restarting the server to apply the changes...
[@sentry/nextjs] ACTION REQUIRED: To instrument navigations, the Sentry SDK requires you to export an `onRouterTransitionStart` hook from your `instrumentation-client.(js|ts)` file. You can do so by adding `export const onRouterTransitionStart = Sentry.captureRouterTransitionStart;` to the file.
   ▲ Next.js 15.3.3
   - Local:        http://localhost:3000
   - Network:      http://192.168.0.44:3000
   - Environments: .env.local, .env
   - Experiments (use with caution):
     · clientTraceMetadata

 ✓ Starting...
[@sentry/nextjs] DEPRECATION WARNING: It is recommended renaming your `sentry.client.config.ts` file, or moving its content to `instrumentation-client.ts`. When using Turbopack `sentry.client.config.ts` will no longer work. Read more about the `instrumentation-client.ts` file: https://nextjs.org/docs/app/api-reference/file-conventions/instrumentation-client
 ✓ Ready in 8.8s
 ○ Compiling /api/sentry-network-test ...
 ✓ Compiled /api/sentry-network-test in 2.7s (1399 modules)
🔍 Testing Sentry network connectivity...
📤 Sentry eventId: 3176915ef3564164a5a2f3fd9afc6d92
✅ Sentry flush completed
 GET /api/sentry-network-test 200 in 2996ms
 ○ Compiling /middleware ...
 ✓ Compiled /middleware in 535ms (301 modules)
 ○ Compiling /sentry-example-page ...
 ✓ Compiled /sentry-example-page in 10.1s (5955 modules)
 GET /sentry-example-page 200 in 10900ms
<w> [webpack.cache.PackFileCacheStrategy] Serializing big strings (253kiB) impacts deserialization performance (consider using Buffer instead and decode when needed)
 ✓ Compiled in 1369ms (5937 modules)
 ✓ Compiled in 659ms (5937 modules)
 ✓ Compiled /api/sentry-network-test in 269ms (3657 modules)
🔍 Testing Sentry network connectivity...
📤 Sentry eventId: 0459aef0cc484154b3b9583950656faf
✅ Sentry flush completed
 GET /api/sentry-network-test 200 in 614ms
 ✓ Compiled in 1671ms (6256 modules)
 ○ Compiling /api/sentry-comprehensive-test ...
 ✓ Compiled /api/sentry-comprehensive-test in 646ms (5943 modules)
🚀 Starting comprehensive Sentry verification test...
✅ All Sentry tests completed successfully
 GET /api/sentry-comprehensive-test 200 in 946ms
 GET /sentry-example-page 200 in 340ms
 ○ Compiling / ...
 ✓ Compiled / in 2.7s (5967 modules)
 GET / 200 in 3465ms
 ○ Compiling /login ...
 ✓ Compiled /login in 567ms (5974 modules)
 GET /login 200 in 1085ms
 GET /login 200 in 136ms
 ✓ Compiled in 781ms (2323 modules)
 GET /login 200 in 61ms
 GET / 200 in 40ms
 ○ Compiling /solicitor ...
 ✓ Compiled /solicitor in 1646ms (6020 modules)
 GET /solicitor 200 in 2294ms
 ○ Compiling /_not-found ...
 ✓ Compiled /_not-found in 669ms (6024 modules)
 GET /solicitor/transactions 404 in 841ms
 GET /solicitor/transactions 404 in 237ms
 GET /solicitor 200 in 156ms
 ○ Compiling /solicitor/overview ...
 ✓ Compiled /solicitor/overview in 671ms (6051 modules)
 GET /solicitor/overview 200 in 825ms
 GET /solicitor/cases 404 in 14ms
 GET /solicitor/cases 404 in 155ms
 GET /solicitor/overview 200 in 198ms
 GET /solicitor 200 in 25ms
 ○ Compiling /buyer ...
 ✓ Compiled /buyer in 707ms (6074 modules)
 GET /buyer 200 in 1021ms
 ○ Compiling /buyer/overview ...
 ✓ Compiled /buyer/overview in 652ms (6095 modules)
 GET /buyer/overview 200 in 765ms
 ○ Compiling /buyer/journey ...
 ✓ Compiled /buyer/journey in 597ms (6108 modules)
 GET /buyer/journey 200 in 710ms
 ✓ Compiled in 2.3s (6108 modules)
 GET /buyer/journey 200 in 194ms
 ✓ Compiled in 836ms (6108 modules)
 GET /buyer/journey 200 in 170ms
 ○ Compiling /_not-found ...
 ⚠ Fast Refresh had to perform a full reload. Read more: https://nextjs.org/docs/messages/fast-refresh-reload
 ✓ Compiled /_not-found in 2.6s (6399 modules)
 GET /buyer/journey 404 in 2242ms
✅ AWS Amplify configuration validated successfully
 GET /buyer/journey 200 in 411ms
 GET /buyer/journey 200 in 436ms
 ⚠ Fast Refresh had to perform a full reload. Read more: https://nextjs.org/docs/messages/fast-refresh-reload
 ✓ Compiled in 1748ms (6399 modules)
 GET /buyer/journey 200 in 1480ms
✅ AWS Amplify configuration validated successfully
 GET /buyer/journey 200 in 346ms
 GET /buyer/journey 200 in 366ms
 ✓ Compiled in 618ms (4768 modules)
 ✓ Compiled in 510ms (4768 modules)
 ✓ Compiled in 538ms (4768 modules)
 ✓ Compiled in 1095ms (5042 modules)
 ✓ Compiled in 650ms (5042 modules)
 ✓ Compiled in 436ms (5042 modules)
 ✓ Compiled in 444ms (5042 modules)
 ✓ Compiled in 497ms (5042 modules)
 ✓ Compiled in 487ms (5042 modules)
 ✓ Compiled in 530ms (5042 modules)
 ○ Compiling /developer ...
 ✓ Compiled /developer in 1333ms (5077 modules)
✅ AWS Amplify configuration validated successfully
Warning: The amplify.ts file is deprecated and will be removed in a future version. Please use the new modules in src/lib/amplify/ instead.
 GET /developer 200 in 2045ms
 ○ Compiling /api/projects/[id] ...
 ⚠ ./src/app/api/projects/[id]/route.ts
Attempted import error: 'authOptions' is not exported from '@/lib/auth' (imported as 'authOptions').

Import trace for requested module:
./src/app/api/projects/[id]/route.ts

./src/app/api/projects/[id]/route.ts
Attempted import error: 'authOptions' is not exported from '@/lib/auth' (imported as 'authOptions').

Import trace for requested module:
./src/app/api/projects/[id]/route.ts
 ⨯ Error: Cannot find module '.prisma/client/default'
Require stack:
- /Users/kevin/backups/awsready_20250524/prop-ie-aws-app-PERFECT-WORKING-JUNE13-2025/node_modules/@prisma/client/default.js
- /Users/kevin/backups/awsready_20250524/prop-ie-aws-app-PERFECT-WORKING-JUNE13-2025/.next/server/app/api/projects/[id]/route.js
- /Users/kevin/backups/awsready_20250524/prop-ie-aws-app-PERFECT-WORKING-JUNE13-2025/node_modules/next/dist/server/require.js
- /Users/kevin/backups/awsready_20250524/prop-ie-aws-app-PERFECT-WORKING-JUNE13-2025/node_modules/next/dist/server/load-components.js
- /Users/kevin/backups/awsready_20250524/prop-ie-aws-app-PERFECT-WORKING-JUNE13-2025/node_modules/next/dist/build/utils.js
- /Users/kevin/backups/awsready_20250524/prop-ie-aws-app-PERFECT-WORKING-JUNE13-2025/node_modules/next/dist/build/swc/options.js
- /Users/kevin/backups/awsready_20250524/prop-ie-aws-app-PERFECT-WORKING-JUNE13-2025/node_modules/next/dist/build/swc/index.js
- /Users/kevin/backups/awsready_20250524/prop-ie-aws-app-PERFECT-WORKING-JUNE13-2025/node_modules/next/dist/build/analysis/parse-module.js
- /Users/kevin/backups/awsready_20250524/prop-ie-aws-app-PERFECT-WORKING-JUNE13-2025/node_modules/next/dist/build/analysis/get-page-static-info.js
- /Users/kevin/backups/awsready_20250524/prop-ie-aws-app-PERFECT-WORKING-JUNE13-2025/node_modules/next/dist/server/lib/router-utils/setup-dev-bundler.js
- /Users/kevin/backups/awsready_20250524/prop-ie-aws-app-PERFECT-WORKING-JUNE13-2025/node_modules/next/dist/server/lib/router-server.js
- /Users/kevin/backups/awsready_20250524/prop-ie-aws-app-PERFECT-WORKING-JUNE13-2025/node_modules/next/dist/server/lib/start-server.js
    at @prisma/client (.next/server/app/api/projects/[id]/route.js:393:18)
    at __webpack_require__ (.next/server/webpack-runtime.js:33:43)
    at eval (webpack-internal:///(rsc)/./src/lib/db/connection.ts:10:72)
    at __webpack_require__.a (.next/server/webpack-runtime.js:108:13)
    at eval (webpack-internal:///(rsc)/./src/lib/db/connection.ts:1:21)
    at <unknown> (rsc)/./src/lib/db/connection.ts (/Users/kevin/backups/awsready_20250524/prop-ie-aws-app-PERFECT-WORKING-JUNE13-2025/.next/server/app/api/projects/[id]/route.js:130:1)
    at __webpack_require__ (.next/server/webpack-runtime.js:33:43)
    at eval (webpack-internal:///(rsc)/./src/lib/db/index.ts:16:69)
    at __webpack_require__.a (.next/server/webpack-runtime.js:108:13)
    at eval (webpack-internal:///(rsc)/./src/lib/db/index.ts:1:21)
    at <unknown> (rsc)/./src/lib/db/index.ts (/Users/kevin/backups/awsready_20250524/prop-ie-aws-app-PERFECT-WORKING-JUNE13-2025/.next/server/app/api/projects/[id]/route.js:141:1)
    at __webpack_require__ (.next/server/webpack-runtime.js:33:43)
    at eval (webpack-internal:///(rsc)/./src/lib/db/repositories/base-repository.ts:6:64)
    at __webpack_require__.a (.next/server/webpack-runtime.js:108:13)
    at eval (webpack-internal:///(rsc)/./src/lib/db/repositories/base-repository.ts:1:21)
    at <unknown> (rsc)/./src/lib/db/repositories/base-repository.ts (/Users/kevin/backups/awsready_20250524/prop-ie-aws-app-PERFECT-WORKING-JUNE13-2025/.next/server/app/api/projects/[id]/route.js:229:1)
    at __webpack_require__ (.next/server/webpack-runtime.js:33:43)
    at eval (webpack-internal:///(rsc)/./src/lib/db/repositories/index.ts:19:74)
    at __webpack_require__.a (.next/server/webpack-runtime.js:108:13)
    at eval (webpack-internal:///(rsc)/./src/lib/db/repositories/index.ts:1:21)
    at <unknown> (rsc)/./src/lib/db/repositories/index.ts (/Users/kevin/backups/awsready_20250524/prop-ie-aws-app-PERFECT-WORKING-JUNE13-2025/.next/server/app/api/projects/[id]/route.js:273:1)
    at __webpack_require__ (.next/server/webpack-runtime.js:33:43)
    at eval (webpack-internal:///(rsc)/./src/app/api/projects/[id]/route.ts:17:84)
    at __webpack_require__.a (.next/server/webpack-runtime.js:108:13)
    at eval (webpack-internal:///(rsc)/./src/app/api/projects/[id]/route.ts:1:21)
    at <unknown> (rsc)/./src/app/api/projects/[id]/route.ts (/Users/kevin/backups/awsready_20250524/prop-ie-aws-app-PERFECT-WORKING-JUNE13-2025/.next/server/app/api/projects/[id]/route.js:61:1)
    at __webpack_require__ (.next/server/webpack-runtime.js:33:43)
    at __webpack_require__.a (.next/server/webpack-runtime.js:108:13) {
  code: 'MODULE_NOT_FOUND',
  requireStack: [Array],
  page: '/api/projects/fitzgerald-gardens'
}
 ⨯ Error: Cannot find module '.prisma/client/default'
Require stack:
- /Users/kevin/backups/awsready_20250524/prop-ie-aws-app-PERFECT-WORKING-JUNE13-2025/node_modules/@prisma/client/default.js
- /Users/kevin/backups/awsready_20250524/prop-ie-aws-app-PERFECT-WORKING-JUNE13-2025/.next/server/app/api/projects/[id]/route.js
- /Users/kevin/backups/awsready_20250524/prop-ie-aws-app-PERFECT-WORKING-JUNE13-2025/node_modules/next/dist/server/require.js
- /Users/kevin/backups/awsready_20250524/prop-ie-aws-app-PERFECT-WORKING-JUNE13-2025/node_modules/next/dist/server/load-components.js
- /Users/kevin/backups/awsready_20250524/prop-ie-aws-app-PERFECT-WORKING-JUNE13-2025/node_modules/next/dist/build/utils.js
- /Users/kevin/backups/awsready_20250524/prop-ie-aws-app-PERFECT-WORKING-JUNE13-2025/node_modules/next/dist/build/swc/options.js
- /Users/kevin/backups/awsready_20250524/prop-ie-aws-app-PERFECT-WORKING-JUNE13-2025/node_modules/next/dist/build/swc/index.js
- /Users/kevin/backups/awsready_20250524/prop-ie-aws-app-PERFECT-WORKING-JUNE13-2025/node_modules/next/dist/build/analysis/parse-module.js
- /Users/kevin/backups/awsready_20250524/prop-ie-aws-app-PERFECT-WORKING-JUNE13-2025/node_modules/next/dist/build/analysis/get-page-static-info.js
- /Users/kevin/backups/awsready_20250524/prop-ie-aws-app-PERFECT-WORKING-JUNE13-2025/node_modules/next/dist/server/lib/router-utils/setup-dev-bundler.js
- /Users/kevin/backups/awsready_20250524/prop-ie-aws-app-PERFECT-WORKING-JUNE13-2025/node_modules/next/dist/server/lib/router-server.js
- /Users/kevin/backups/awsready_20250524/prop-ie-aws-app-PERFECT-WORKING-JUNE13-2025/node_modules/next/dist/server/lib/start-server.js
    at @prisma/client (.next/server/app/api/projects/[id]/route.js:393:18)
    at __webpack_require__ (.next/server/webpack-runtime.js:33:43)
    at eval (webpack-internal:///(rsc)/./src/lib/db/connection.ts:10:72)
    at __webpack_require__.a (.next/server/webpack-runtime.js:108:13)
    at eval (webpack-internal:///(rsc)/./src/lib/db/connection.ts:1:21)
    at <unknown> (rsc)/./src/lib/db/connection.ts (/Users/kevin/backups/awsready_20250524/prop-ie-aws-app-PERFECT-WORKING-JUNE13-2025/.next/server/app/api/projects/[id]/route.js:130:1)
    at __webpack_require__ (.next/server/webpack-runtime.js:33:43)
    at eval (webpack-internal:///(rsc)/./src/lib/db/index.ts:16:69)
    at __webpack_require__.a (.next/server/webpack-runtime.js:108:13)
    at eval (webpack-internal:///(rsc)/./src/lib/db/index.ts:1:21)
    at <unknown> (rsc)/./src/lib/db/index.ts (/Users/kevin/backups/awsready_20250524/prop-ie-aws-app-PERFECT-WORKING-JUNE13-2025/.next/server/app/api/projects/[id]/route.js:141:1)
    at __webpack_require__ (.next/server/webpack-runtime.js:33:43)
    at eval (webpack-internal:///(rsc)/./src/lib/db/repositories/base-repository.ts:6:64)
    at __webpack_require__.a (.next/server/webpack-runtime.js:108:13)
    at eval (webpack-internal:///(rsc)/./src/lib/db/repositories/base-repository.ts:1:21)
    at <unknown> (rsc)/./src/lib/db/repositories/base-repository.ts (/Users/kevin/backups/awsready_20250524/prop-ie-aws-app-PERFECT-WORKING-JUNE13-2025/.next/server/app/api/projects/[id]/route.js:229:1)
    at __webpack_require__ (.next/server/webpack-runtime.js:33:43)
    at eval (webpack-internal:///(rsc)/./src/lib/db/repositories/index.ts:19:74)
    at __webpack_require__.a (.next/server/webpack-runtime.js:108:13)
    at eval (webpack-internal:///(rsc)/./src/lib/db/repositories/index.ts:1:21)
    at <unknown> (rsc)/./src/lib/db/repositories/index.ts (/Users/kevin/backups/awsready_20250524/prop-ie-aws-app-PERFECT-WORKING-JUNE13-2025/.next/server/app/api/projects/[id]/route.js:273:1)
    at __webpack_require__ (.next/server/webpack-runtime.js:33:43)
    at eval (webpack-internal:///(rsc)/./src/app/api/projects/[id]/route.ts:17:84)
    at __webpack_require__.a (.next/server/webpack-runtime.js:108:13)
    at eval (webpack-internal:///(rsc)/./src/app/api/projects/[id]/route.ts:1:21)
    at <unknown> (rsc)/./src/app/api/projects/[id]/route.ts (/Users/kevin/backups/awsready_20250524/prop-ie-aws-app-PERFECT-WORKING-JUNE13-2025/.next/server/app/api/projects/[id]/route.js:61:1)
    at __webpack_require__ (.next/server/webpack-runtime.js:33:43)
    at __webpack_require__.a (.next/server/webpack-runtime.js:108:13) {
  code: 'MODULE_NOT_FOUND',
  requireStack: [Array],
  page: '/api/projects/fitzgerald-gardens'
}
 ⨯ Error: Cannot find module '.prisma/client/default'
Require stack:
- /Users/kevin/backups/awsready_20250524/prop-ie-aws-app-PERFECT-WORKING-JUNE13-2025/node_modules/@prisma/client/default.js
- /Users/kevin/backups/awsready_20250524/prop-ie-aws-app-PERFECT-WORKING-JUNE13-2025/.next/server/app/api/projects/[id]/route.js
- /Users/kevin/backups/awsready_20250524/prop-ie-aws-app-PERFECT-WORKING-JUNE13-2025/node_modules/next/dist/server/require.js
- /Users/kevin/backups/awsready_20250524/prop-ie-aws-app-PERFECT-WORKING-JUNE13-2025/node_modules/next/dist/server/load-components.js
- /Users/kevin/backups/awsready_20250524/prop-ie-aws-app-PERFECT-WORKING-JUNE13-2025/node_modules/next/dist/build/utils.js
- /Users/kevin/backups/awsready_20250524/prop-ie-aws-app-PERFECT-WORKING-JUNE13-2025/node_modules/next/dist/build/swc/options.js
- /Users/kevin/backups/awsready_20250524/prop-ie-aws-app-PERFECT-WORKING-JUNE13-2025/node_modules/next/dist/build/swc/index.js
- /Users/kevin/backups/awsready_20250524/prop-ie-aws-app-PERFECT-WORKING-JUNE13-2025/node_modules/next/dist/build/analysis/parse-module.js
- /Users/kevin/backups/awsready_20250524/prop-ie-aws-app-PERFECT-WORKING-JUNE13-2025/node_modules/next/dist/build/analysis/get-page-static-info.js
- /Users/kevin/backups/awsready_20250524/prop-ie-aws-app-PERFECT-WORKING-JUNE13-2025/node_modules/next/dist/server/lib/router-utils/setup-dev-bundler.js
- /Users/kevin/backups/awsready_20250524/prop-ie-aws-app-PERFECT-WORKING-JUNE13-2025/node_modules/next/dist/server/lib/router-server.js
- /Users/kevin/backups/awsready_20250524/prop-ie-aws-app-PERFECT-WORKING-JUNE13-2025/node_modules/next/dist/server/lib/start-server.js
    at @prisma/client (.next/server/app/api/projects/[id]/route.js:393:18)
    at __webpack_require__ (.next/server/webpack-runtime.js:33:43)
    at eval (webpack-internal:///(rsc)/./src/lib/db/connection.ts:10:72)
    at __webpack_require__.a (.next/server/webpack-runtime.js:108:13)
    at eval (webpack-internal:///(rsc)/./src/lib/db/connection.ts:1:21)
    at <unknown> (rsc)/./src/lib/db/connection.ts (/Users/kevin/backups/awsready_20250524/prop-ie-aws-app-PERFECT-WORKING-JUNE13-2025/.next/server/app/api/projects/[id]/route.js:130:1)
    at __webpack_require__ (.next/server/webpack-runtime.js:33:43)
    at eval (webpack-internal:///(rsc)/./src/lib/db/index.ts:16:69)
    at __webpack_require__.a (.next/server/webpack-runtime.js:108:13)
    at eval (webpack-internal:///(rsc)/./src/lib/db/index.ts:1:21)
    at <unknown> (rsc)/./src/lib/db/index.ts (/Users/kevin/backups/awsready_20250524/prop-ie-aws-app-PERFECT-WORKING-JUNE13-2025/.next/server/app/api/projects/[id]/route.js:141:1)
    at __webpack_require__ (.next/server/webpack-runtime.js:33:43)
    at eval (webpack-internal:///(rsc)/./src/lib/db/repositories/base-repository.ts:6:64)
    at __webpack_require__.a (.next/server/webpack-runtime.js:108:13)
    at eval (webpack-internal:///(rsc)/./src/lib/db/repositories/base-repository.ts:1:21)
    at <unknown> (rsc)/./src/lib/db/repositories/base-repository.ts (/Users/kevin/backups/awsready_20250524/prop-ie-aws-app-PERFECT-WORKING-JUNE13-2025/.next/server/app/api/projects/[id]/route.js:229:1)
    at __webpack_require__ (.next/server/webpack-runtime.js:33:43)
    at eval (webpack-internal:///(rsc)/./src/lib/db/repositories/index.ts:19:74)
    at __webpack_require__.a (.next/server/webpack-runtime.js:108:13)
    at eval (webpack-internal:///(rsc)/./src/lib/db/repositories/index.ts:1:21)
    at <unknown> (rsc)/./src/lib/db/repositories/index.ts (/Users/kevin/backups/awsready_20250524/prop-ie-aws-app-PERFECT-WORKING-JUNE13-2025/.next/server/app/api/projects/[id]/route.js:273:1)
    at __webpack_require__ (.next/server/webpack-runtime.js:33:43)
    at eval (webpack-internal:///(rsc)/./src/app/api/projects/[id]/route.ts:17:84)
    at __webpack_require__.a (.next/server/webpack-runtime.js:108:13)
    at eval (webpack-internal:///(rsc)/./src/app/api/projects/[id]/route.ts:1:21)
    at <unknown> (rsc)/./src/app/api/projects/[id]/route.ts (/Users/kevin/backups/awsready_20250524/prop-ie-aws-app-PERFECT-WORKING-JUNE13-2025/.next/server/app/api/projects/[id]/route.js:61:1)
    at __webpack_require__ (.next/server/webpack-runtime.js:33:43)
    at __webpack_require__.a (.next/server/webpack-runtime.js:108:13) {
  code: 'MODULE_NOT_FOUND',
  requireStack: [Array],
  page: '/api/projects/fitzgerald-gardens'
}
 ⚠ ./src/app/api/projects/[id]/route.ts
Attempted import error: 'authOptions' is not exported from '@/lib/auth' (imported as 'authOptions').

Import trace for requested module:
./src/app/api/projects/[id]/route.ts

./src/app/api/projects/[id]/route.ts
Attempted import error: 'authOptions' is not exported from '@/lib/auth' (imported as 'authOptions').

Import trace for requested module:
./src/app/api/projects/[id]/route.ts
 ⚠ ./src/app/api/projects/[id]/route.ts
Attempted import error: 'authOptions' is not exported from '@/lib/auth' (imported as 'authOptions').

Import trace for requested module:
./src/app/api/projects/[id]/route.ts

./src/app/api/projects/[id]/route.ts
Attempted import error: 'authOptions' is not exported from '@/lib/auth' (imported as 'authOptions').

Import trace for requested module:
./src/app/api/projects/[id]/route.ts
 GET /developer/projects/fitzgerald-gardens 200 in 8733ms
 GET /developer/projects/fitzgerald-gardens 200 in 25ms
 GET /developer/projects/fitzgerald-gardens 200 in 24ms
 GET /api/projects/ellwood 500 in 12452ms
 GET /api/projects/ballymakenny-view 500 in 12451ms
 GET /api/projects/fitzgerald-gardens 500 in 12452ms
 ⨯ Error: Cannot find module '.prisma/client/default'
Require stack:
- /Users/kevin/backups/awsready_20250524/prop-ie-aws-app-PERFECT-WORKING-JUNE13-2025/node_modules/@prisma/client/default.js
- /Users/kevin/backups/awsready_20250524/prop-ie-aws-app-PERFECT-WORKING-JUNE13-2025/.next/server/app/api/projects/[id]/route.js
- /Users/kevin/backups/awsready_20250524/prop-ie-aws-app-PERFECT-WORKING-JUNE13-2025/node_modules/next/dist/server/require.js
- /Users/kevin/backups/awsready_20250524/prop-ie-aws-app-PERFECT-WORKING-JUNE13-2025/node_modules/next/dist/server/load-components.js
- /Users/kevin/backups/awsready_20250524/prop-ie-aws-app-PERFECT-WORKING-JUNE13-2025/node_modules/next/dist/build/utils.js
- /Users/kevin/backups/awsready_20250524/prop-ie-aws-app-PERFECT-WORKING-JUNE13-2025/node_modules/next/dist/build/swc/options.js
- /Users/kevin/backups/awsready_20250524/prop-ie-aws-app-PERFECT-WORKING-JUNE13-2025/node_modules/next/dist/build/swc/index.js
- /Users/kevin/backups/awsready_20250524/prop-ie-aws-app-PERFECT-WORKING-JUNE13-2025/node_modules/next/dist/build/analysis/parse-module.js
- /Users/kevin/backups/awsready_20250524/prop-ie-aws-app-PERFECT-WORKING-JUNE13-2025/node_modules/next/dist/build/analysis/get-page-static-info.js
- /Users/kevin/backups/awsready_20250524/prop-ie-aws-app-PERFECT-WORKING-JUNE13-2025/node_modules/next/dist/server/lib/router-utils/setup-dev-bundler.js
- /Users/kevin/backups/awsready_20250524/prop-ie-aws-app-PERFECT-WORKING-JUNE13-2025/node_modules/next/dist/server/lib/router-server.js
- /Users/kevin/backups/awsready_20250524/prop-ie-aws-app-PERFECT-WORKING-JUNE13-2025/node_modules/next/dist/server/lib/start-server.js
    at @prisma/client (.next/server/app/api/projects/[id]/route.js:393:18)
    at __webpack_require__ (.next/server/webpack-runtime.js:33:43)
    at eval (webpack-internal:///(rsc)/./src/lib/db/connection.ts:10:72)
    at __webpack_require__.a (.next/server/webpack-runtime.js:108:13)
    at eval (webpack-internal:///(rsc)/./src/lib/db/connection.ts:1:21)
    at <unknown> (rsc)/./src/lib/db/connection.ts (/Users/kevin/backups/awsready_20250524/prop-ie-aws-app-PERFECT-WORKING-JUNE13-2025/.next/server/app/api/projects/[id]/route.js:130:1)
    at __webpack_require__ (.next/server/webpack-runtime.js:33:43)
    at eval (webpack-internal:///(rsc)/./src/lib/db/index.ts:16:69)
    at __webpack_require__.a (.next/server/webpack-runtime.js:108:13)
    at eval (webpack-internal:///(rsc)/./src/lib/db/index.ts:1:21)
    at <unknown> (rsc)/./src/lib/db/index.ts (/Users/kevin/backups/awsready_20250524/prop-ie-aws-app-PERFECT-WORKING-JUNE13-2025/.next/server/app/api/projects/[id]/route.js:141:1)
    at __webpack_require__ (.next/server/webpack-runtime.js:33:43)
    at eval (webpack-internal:///(rsc)/./src/lib/db/repositories/base-repository.ts:6:64)
    at __webpack_require__.a (.next/server/webpack-runtime.js:108:13)
    at eval (webpack-internal:///(rsc)/./src/lib/db/repositories/base-repository.ts:1:21)
    at <unknown> (rsc)/./src/lib/db/repositories/base-repository.ts (/Users/kevin/backups/awsready_20250524/prop-ie-aws-app-PERFECT-WORKING-JUNE13-2025/.next/server/app/api/projects/[id]/route.js:229:1)
    at __webpack_require__ (.next/server/webpack-runtime.js:33:43)
    at eval (webpack-internal:///(rsc)/./src/lib/db/repositories/index.ts:19:74)
    at __webpack_require__.a (.next/server/webpack-runtime.js:108:13)
    at eval (webpack-internal:///(rsc)/./src/lib/db/repositories/index.ts:1:21)
    at <unknown> (rsc)/./src/lib/db/repositories/index.ts (/Users/kevin/backups/awsready_20250524/prop-ie-aws-app-PERFECT-WORKING-JUNE13-2025/.next/server/app/api/projects/[id]/route.js:273:1)
    at __webpack_require__ (.next/server/webpack-runtime.js:33:43)
    at eval (webpack-internal:///(rsc)/./src/app/api/projects/[id]/route.ts:17:84)
    at __webpack_require__.a (.next/server/webpack-runtime.js:108:13)
    at eval (webpack-internal:///(rsc)/./src/app/api/projects/[id]/route.ts:1:21)
    at <unknown> (rsc)/./src/app/api/projects/[id]/route.ts (/Users/kevin/backups/awsready_20250524/prop-ie-aws-app-PERFECT-WORKING-JUNE13-2025/.next/server/app/api/projects/[id]/route.js:61:1)
    at __webpack_require__ (.next/server/webpack-runtime.js:33:43)
    at __webpack_require__.a (.next/server/webpack-runtime.js:108:13) {
  code: 'MODULE_NOT_FOUND',
  requireStack: [Array],
  page: '/api/projects/ellwood'
}
 ⨯ Error: Cannot find module '.prisma/client/default'
Require stack:
- /Users/kevin/backups/awsready_20250524/prop-ie-aws-app-PERFECT-WORKING-JUNE13-2025/node_modules/@prisma/client/default.js
- /Users/kevin/backups/awsready_20250524/prop-ie-aws-app-PERFECT-WORKING-JUNE13-2025/.next/server/app/api/projects/[id]/route.js
- /Users/kevin/backups/awsready_20250524/prop-ie-aws-app-PERFECT-WORKING-JUNE13-2025/node_modules/next/dist/server/require.js
- /Users/kevin/backups/awsready_20250524/prop-ie-aws-app-PERFECT-WORKING-JUNE13-2025/node_modules/next/dist/server/load-components.js
- /Users/kevin/backups/awsready_20250524/prop-ie-aws-app-PERFECT-WORKING-JUNE13-2025/node_modules/next/dist/build/utils.js
- /Users/kevin/backups/awsready_20250524/prop-ie-aws-app-PERFECT-WORKING-JUNE13-2025/node_modules/next/dist/build/swc/options.js
- /Users/kevin/backups/awsready_20250524/prop-ie-aws-app-PERFECT-WORKING-JUNE13-2025/node_modules/next/dist/build/swc/index.js
- /Users/kevin/backups/awsready_20250524/prop-ie-aws-app-PERFECT-WORKING-JUNE13-2025/node_modules/next/dist/build/analysis/parse-module.js
- /Users/kevin/backups/awsready_20250524/prop-ie-aws-app-PERFECT-WORKING-JUNE13-2025/node_modules/next/dist/build/analysis/get-page-static-info.js
- /Users/kevin/backups/awsready_20250524/prop-ie-aws-app-PERFECT-WORKING-JUNE13-2025/node_modules/next/dist/server/lib/router-utils/setup-dev-bundler.js
- /Users/kevin/backups/awsready_20250524/prop-ie-aws-app-PERFECT-WORKING-JUNE13-2025/node_modules/next/dist/server/lib/router-server.js
- /Users/kevin/backups/awsready_20250524/prop-ie-aws-app-PERFECT-WORKING-JUNE13-2025/node_modules/next/dist/server/lib/start-server.js
    at @prisma/client (.next/server/app/api/projects/[id]/route.js:393:18)
    at __webpack_require__ (.next/server/webpack-runtime.js:33:43)
    at eval (webpack-internal:///(rsc)/./src/lib/db/connection.ts:10:72)
    at __webpack_require__.a (.next/server/webpack-runtime.js:108:13)
    at eval (webpack-internal:///(rsc)/./src/lib/db/connection.ts:1:21)
    at <unknown> (rsc)/./src/lib/db/connection.ts (/Users/kevin/backups/awsready_20250524/prop-ie-aws-app-PERFECT-WORKING-JUNE13-2025/.next/server/app/api/projects/[id]/route.js:130:1)
    at __webpack_require__ (.next/server/webpack-runtime.js:33:43)
    at eval (webpack-internal:///(rsc)/./src/lib/db/index.ts:16:69)
    at __webpack_require__.a (.next/server/webpack-runtime.js:108:13)
    at eval (webpack-internal:///(rsc)/./src/lib/db/index.ts:1:21)
    at <unknown> (rsc)/./src/lib/db/index.ts (/Users/kevin/backups/awsready_20250524/prop-ie-aws-app-PERFECT-WORKING-JUNE13-2025/.next/server/app/api/projects/[id]/route.js:141:1)
    at __webpack_require__ (.next/server/webpack-runtime.js:33:43)
    at eval (webpack-internal:///(rsc)/./src/lib/db/repositories/base-repository.ts:6:64)
    at __webpack_require__.a (.next/server/webpack-runtime.js:108:13)
    at eval (webpack-internal:///(rsc)/./src/lib/db/repositories/base-repository.ts:1:21)
    at <unknown> (rsc)/./src/lib/db/repositories/base-repository.ts (/Users/kevin/backups/awsready_20250524/prop-ie-aws-app-PERFECT-WORKING-JUNE13-2025/.next/server/app/api/projects/[id]/route.js:229:1)
    at __webpack_require__ (.next/server/webpack-runtime.js:33:43)
    at eval (webpack-internal:///(rsc)/./src/lib/db/repositories/index.ts:19:74)
    at __webpack_require__.a (.next/server/webpack-runtime.js:108:13)
    at eval (webpack-internal:///(rsc)/./src/lib/db/repositories/index.ts:1:21)
    at <unknown> (rsc)/./src/lib/db/repositories/index.ts (/Users/kevin/backups/awsready_20250524/prop-ie-aws-app-PERFECT-WORKING-JUNE13-2025/.next/server/app/api/projects/[id]/route.js:273:1)
    at __webpack_require__ (.next/server/webpack-runtime.js:33:43)
    at eval (webpack-internal:///(rsc)/./src/app/api/projects/[id]/route.ts:17:84)
    at __webpack_require__.a (.next/server/webpack-runtime.js:108:13)
    at eval (webpack-internal:///(rsc)/./src/app/api/projects/[id]/route.ts:1:21)
    at <unknown> (rsc)/./src/app/api/projects/[id]/route.ts (/Users/kevin/backups/awsready_20250524/prop-ie-aws-app-PERFECT-WORKING-JUNE13-2025/.next/server/app/api/projects/[id]/route.js:61:1)
    at __webpack_require__ (.next/server/webpack-runtime.js:33:43)
    at __webpack_require__.a (.next/server/webpack-runtime.js:108:13) {
  code: 'MODULE_NOT_FOUND',
  requireStack: [Array],
  page: '/api/projects/fitzgerald-gardens'
}
 ⨯ Error: Cannot find module '.prisma/client/default'
Require stack:
- /Users/kevin/backups/awsready_20250524/prop-ie-aws-app-PERFECT-WORKING-JUNE13-2025/node_modules/@prisma/client/default.js
- /Users/kevin/backups/awsready_20250524/prop-ie-aws-app-PERFECT-WORKING-JUNE13-2025/.next/server/app/api/projects/[id]/route.js
- /Users/kevin/backups/awsready_20250524/prop-ie-aws-app-PERFECT-WORKING-JUNE13-2025/node_modules/next/dist/server/require.js
- /Users/kevin/backups/awsready_20250524/prop-ie-aws-app-PERFECT-WORKING-JUNE13-2025/node_modules/next/dist/server/load-components.js
- /Users/kevin/backups/awsready_20250524/prop-ie-aws-app-PERFECT-WORKING-JUNE13-2025/node_modules/next/dist/build/utils.js
- /Users/kevin/backups/awsready_20250524/prop-ie-aws-app-PERFECT-WORKING-JUNE13-2025/node_modules/next/dist/build/swc/options.js
- /Users/kevin/backups/awsready_20250524/prop-ie-aws-app-PERFECT-WORKING-JUNE13-2025/node_modules/next/dist/build/swc/index.js
- /Users/kevin/backups/awsready_20250524/prop-ie-aws-app-PERFECT-WORKING-JUNE13-2025/node_modules/next/dist/build/analysis/parse-module.js
- /Users/kevin/backups/awsready_20250524/prop-ie-aws-app-PERFECT-WORKING-JUNE13-2025/node_modules/next/dist/build/analysis/get-page-static-info.js
- /Users/kevin/backups/awsready_20250524/prop-ie-aws-app-PERFECT-WORKING-JUNE13-2025/node_modules/next/dist/server/lib/router-utils/setup-dev-bundler.js
- /Users/kevin/backups/awsready_20250524/prop-ie-aws-app-PERFECT-WORKING-JUNE13-2025/node_modules/next/dist/server/lib/router-server.js
- /Users/kevin/backups/awsready_20250524/prop-ie-aws-app-PERFECT-WORKING-JUNE13-2025/node_modules/next/dist/server/lib/start-server.js
    at @prisma/client (.next/server/app/api/projects/[id]/route.js:393:18)
    at __webpack_require__ (.next/server/webpack-runtime.js:33:43)
    at eval (webpack-internal:///(rsc)/./src/lib/db/connection.ts:10:72)
    at __webpack_require__.a (.next/server/webpack-runtime.js:108:13)
    at eval (webpack-internal:///(rsc)/./src/lib/db/connection.ts:1:21)
    at <unknown> (rsc)/./src/lib/db/connection.ts (/Users/kevin/backups/awsready_20250524/prop-ie-aws-app-PERFECT-WORKING-JUNE13-2025/.next/server/app/api/projects/[id]/route.js:130:1)
    at __webpack_require__ (.next/server/webpack-runtime.js:33:43)
    at eval (webpack-internal:///(rsc)/./src/lib/db/index.ts:16:69)
    at __webpack_require__.a (.next/server/webpack-runtime.js:108:13)
    at eval (webpack-internal:///(rsc)/./src/lib/db/index.ts:1:21)
    at <unknown> (rsc)/./src/lib/db/index.ts (/Users/kevin/backups/awsready_20250524/prop-ie-aws-app-PERFECT-WORKING-JUNE13-2025/.next/server/app/api/projects/[id]/route.js:141:1)
    at __webpack_require__ (.next/server/webpack-runtime.js:33:43)
    at eval (webpack-internal:///(rsc)/./src/lib/db/repositories/base-repository.ts:6:64)
    at __webpack_require__.a (.next/server/webpack-runtime.js:108:13)
    at eval (webpack-internal:///(rsc)/./src/lib/db/repositories/base-repository.ts:1:21)
    at <unknown> (rsc)/./src/lib/db/repositories/base-repository.ts (/Users/kevin/backups/awsready_20250524/prop-ie-aws-app-PERFECT-WORKING-JUNE13-2025/.next/server/app/api/projects/[id]/route.js:229:1)
    at __webpack_require__ (.next/server/webpack-runtime.js:33:43)
    at eval (webpack-internal:///(rsc)/./src/lib/db/repositories/index.ts:19:74)
    at __webpack_require__.a (.next/server/webpack-runtime.js:108:13)
    at eval (webpack-internal:///(rsc)/./src/lib/db/repositories/index.ts:1:21)
    at <unknown> (rsc)/./src/lib/db/repositories/index.ts (/Users/kevin/backups/awsready_20250524/prop-ie-aws-app-PERFECT-WORKING-JUNE13-2025/.next/server/app/api/projects/[id]/route.js:273:1)
    at __webpack_require__ (.next/server/webpack-runtime.js:33:43)
    at eval (webpack-internal:///(rsc)/./src/app/api/projects/[id]/route.ts:17:84)
    at __webpack_require__.a (.next/server/webpack-runtime.js:108:13)
    at eval (webpack-internal:///(rsc)/./src/app/api/projects/[id]/route.ts:1:21)
    at <unknown> (rsc)/./src/app/api/projects/[id]/route.ts (/Users/kevin/backups/awsready_20250524/prop-ie-aws-app-PERFECT-WORKING-JUNE13-2025/.next/server/app/api/projects/[id]/route.js:61:1)
    at __webpack_require__ (.next/server/webpack-runtime.js:33:43)
    at __webpack_require__.a (.next/server/webpack-runtime.js:108:13) {
  code: 'MODULE_NOT_FOUND',
  requireStack: [Array],
  page: '/api/projects/fitzgerald-gardens'
}
 GET /api/projects/ellwood 500 in 298ms
 GET /api/projects/ballymakenny-view 500 in 305ms
 GET /api/projects/fitzgerald-gardens 500 in 305ms
 ⨯ Error: Cannot find module '.prisma/client/default'
Require stack:
- /Users/kevin/backups/awsready_20250524/prop-ie-aws-app-PERFECT-WORKING-JUNE13-2025/node_modules/@prisma/client/default.js
- /Users/kevin/backups/awsready_20250524/prop-ie-aws-app-PERFECT-WORKING-JUNE13-2025/.next/server/app/api/projects/[id]/route.js
- /Users/kevin/backups/awsready_20250524/prop-ie-aws-app-PERFECT-WORKING-JUNE13-2025/node_modules/next/dist/server/require.js
- /Users/kevin/backups/awsready_20250524/prop-ie-aws-app-PERFECT-WORKING-JUNE13-2025/node_modules/next/dist/server/load-components.js
- /Users/kevin/backups/awsready_20250524/prop-ie-aws-app-PERFECT-WORKING-JUNE13-2025/node_modules/next/dist/build/utils.js
- /Users/kevin/backups/awsready_20250524/prop-ie-aws-app-PERFECT-WORKING-JUNE13-2025/node_modules/next/dist/build/swc/options.js
- /Users/kevin/backups/awsready_20250524/prop-ie-aws-app-PERFECT-WORKING-JUNE13-2025/node_modules/next/dist/build/swc/index.js
- /Users/kevin/backups/awsready_20250524/prop-ie-aws-app-PERFECT-WORKING-JUNE13-2025/node_modules/next/dist/build/analysis/parse-module.js
- /Users/kevin/backups/awsready_20250524/prop-ie-aws-app-PERFECT-WORKING-JUNE13-2025/node_modules/next/dist/build/analysis/get-page-static-info.js
- /Users/kevin/backups/awsready_20250524/prop-ie-aws-app-PERFECT-WORKING-JUNE13-2025/node_modules/next/dist/server/lib/router-utils/setup-dev-bundler.js
- /Users/kevin/backups/awsready_20250524/prop-ie-aws-app-PERFECT-WORKING-JUNE13-2025/node_modules/next/dist/server/lib/router-server.js
- /Users/kevin/backups/awsready_20250524/prop-ie-aws-app-PERFECT-WORKING-JUNE13-2025/node_modules/next/dist/server/lib/start-server.js
    at @prisma/client (.next/server/app/api/projects/[id]/route.js:393:18)
    at __webpack_require__ (.next/server/webpack-runtime.js:33:43)
    at eval (webpack-internal:///(rsc)/./src/lib/db/connection.ts:10:72)
    at __webpack_require__.a (.next/server/webpack-runtime.js:108:13)
    at eval (webpack-internal:///(rsc)/./src/lib/db/connection.ts:1:21)
    at <unknown> (rsc)/./src/lib/db/connection.ts (/Users/kevin/backups/awsready_20250524/prop-ie-aws-app-PERFECT-WORKING-JUNE13-2025/.next/server/app/api/projects/[id]/route.js:130:1)
    at __webpack_require__ (.next/server/webpack-runtime.js:33:43)
    at eval (webpack-internal:///(rsc)/./src/lib/db/index.ts:16:69)
    at __webpack_require__.a (.next/server/webpack-runtime.js:108:13)
    at eval (webpack-internal:///(rsc)/./src/lib/db/index.ts:1:21)
    at <unknown> (rsc)/./src/lib/db/index.ts (/Users/kevin/backups/awsready_20250524/prop-ie-aws-app-PERFECT-WORKING-JUNE13-2025/.next/server/app/api/projects/[id]/route.js:141:1)
    at __webpack_require__ (.next/server/webpack-runtime.js:33:43)
    at eval (webpack-internal:///(rsc)/./src/lib/db/repositories/base-repository.ts:6:64)
    at __webpack_require__.a (.next/server/webpack-runtime.js:108:13)
    at eval (webpack-internal:///(rsc)/./src/lib/db/repositories/base-repository.ts:1:21)
    at <unknown> (rsc)/./src/lib/db/repositories/base-repository.ts (/Users/kevin/backups/awsready_20250524/prop-ie-aws-app-PERFECT-WORKING-JUNE13-2025/.next/server/app/api/projects/[id]/route.js:229:1)
    at __webpack_require__ (.next/server/webpack-runtime.js:33:43)
    at eval (webpack-internal:///(rsc)/./src/lib/db/repositories/index.ts:19:74)
    at __webpack_require__.a (.next/server/webpack-runtime.js:108:13)
    at eval (webpack-internal:///(rsc)/./src/lib/db/repositories/index.ts:1:21)
    at <unknown> (rsc)/./src/lib/db/repositories/index.ts (/Users/kevin/backups/awsready_20250524/prop-ie-aws-app-PERFECT-WORKING-JUNE13-2025/.next/server/app/api/projects/[id]/route.js:273:1)
    at __webpack_require__ (.next/server/webpack-runtime.js:33:43)
    at eval (webpack-internal:///(rsc)/./src/app/api/projects/[id]/route.ts:17:84)
    at __webpack_require__.a (.next/server/webpack-runtime.js:108:13)
    at eval (webpack-internal:///(rsc)/./src/app/api/projects/[id]/route.ts:1:21)
    at <unknown> (rsc)/./src/app/api/projects/[id]/route.ts (/Users/kevin/backups/awsready_20250524/prop-ie-aws-app-PERFECT-WORKING-JUNE13-2025/.next/server/app/api/projects/[id]/route.js:61:1)
    at __webpack_require__ (.next/server/webpack-runtime.js:33:43)
    at __webpack_require__.a (.next/server/webpack-runtime.js:108:13) {
  code: 'MODULE_NOT_FOUND',
  requireStack: [Array],
  page: '/api/projects/fitzgerald-gardens'
}
 GET /api/projects/fitzgerald-gardens 500 in 235ms
 ⨯ Error: Cannot find module '.prisma/client/default'
Require stack:
- /Users/kevin/backups/awsready_20250524/prop-ie-aws-app-PERFECT-WORKING-JUNE13-2025/node_modules/@prisma/client/default.js
- /Users/kevin/backups/awsready_20250524/prop-ie-aws-app-PERFECT-WORKING-JUNE13-2025/.next/server/app/api/projects/[id]/route.js
- /Users/kevin/backups/awsready_20250524/prop-ie-aws-app-PERFECT-WORKING-JUNE13-2025/node_modules/next/dist/server/require.js
- /Users/kevin/backups/awsready_20250524/prop-ie-aws-app-PERFECT-WORKING-JUNE13-2025/node_modules/next/dist/server/load-components.js
- /Users/kevin/backups/awsready_20250524/prop-ie-aws-app-PERFECT-WORKING-JUNE13-2025/node_modules/next/dist/build/utils.js
- /Users/kevin/backups/awsready_20250524/prop-ie-aws-app-PERFECT-WORKING-JUNE13-2025/node_modules/next/dist/build/swc/options.js
- /Users/kevin/backups/awsready_20250524/prop-ie-aws-app-PERFECT-WORKING-JUNE13-2025/node_modules/next/dist/build/swc/index.js
- /Users/kevin/backups/awsready_20250524/prop-ie-aws-app-PERFECT-WORKING-JUNE13-2025/node_modules/next/dist/build/analysis/parse-module.js
- /Users/kevin/backups/awsready_20250524/prop-ie-aws-app-PERFECT-WORKING-JUNE13-2025/node_modules/next/dist/build/analysis/get-page-static-info.js
- /Users/kevin/backups/awsready_20250524/prop-ie-aws-app-PERFECT-WORKING-JUNE13-2025/node_modules/next/dist/server/lib/router-utils/setup-dev-bundler.js
- /Users/kevin/backups/awsready_20250524/prop-ie-aws-app-PERFECT-WORKING-JUNE13-2025/node_modules/next/dist/server/lib/router-server.js
- /Users/kevin/backups/awsready_20250524/prop-ie-aws-app-PERFECT-WORKING-JUNE13-2025/node_modules/next/dist/server/lib/start-server.js
    at @prisma/client (.next/server/app/api/projects/[id]/route.js:393:18)
    at __webpack_require__ (.next/server/webpack-runtime.js:33:43)
    at eval (webpack-internal:///(rsc)/./src/lib/db/connection.ts:10:72)
    at __webpack_require__.a (.next/server/webpack-runtime.js:108:13)
    at eval (webpack-internal:///(rsc)/./src/lib/db/connection.ts:1:21)
    at <unknown> (rsc)/./src/lib/db/connection.ts (/Users/kevin/backups/awsready_20250524/prop-ie-aws-app-PERFECT-WORKING-JUNE13-2025/.next/server/app/api/projects/[id]/route.js:130:1)
    at __webpack_require__ (.next/server/webpack-runtime.js:33:43)
    at eval (webpack-internal:///(rsc)/./src/lib/db/index.ts:16:69)
    at __webpack_require__.a (.next/server/webpack-runtime.js:108:13)
    at eval (webpack-internal:///(rsc)/./src/lib/db/index.ts:1:21)
    at <unknown> (rsc)/./src/lib/db/index.ts (/Users/kevin/backups/awsready_20250524/prop-ie-aws-app-PERFECT-WORKING-JUNE13-2025/.next/server/app/api/projects/[id]/route.js:141:1)
    at __webpack_require__ (.next/server/webpack-runtime.js:33:43)
    at eval (webpack-internal:///(rsc)/./src/lib/db/repositories/base-repository.ts:6:64)
    at __webpack_require__.a (.next/server/webpack-runtime.js:108:13)
    at eval (webpack-internal:///(rsc)/./src/lib/db/repositories/base-repository.ts:1:21)
    at <unknown> (rsc)/./src/lib/db/repositories/base-repository.ts (/Users/kevin/backups/awsready_20250524/prop-ie-aws-app-PERFECT-WORKING-JUNE13-2025/.next/server/app/api/projects/[id]/route.js:229:1)
    at __webpack_require__ (.next/server/webpack-runtime.js:33:43)
    at eval (webpack-internal:///(rsc)/./src/lib/db/repositories/index.ts:19:74)
    at __webpack_require__.a (.next/server/webpack-runtime.js:108:13)
    at eval (webpack-internal:///(rsc)/./src/lib/db/repositories/index.ts:1:21)
    at <unknown> (rsc)/./src/lib/db/repositories/index.ts (/Users/kevin/backups/awsready_20250524/prop-ie-aws-app-PERFECT-WORKING-JUNE13-2025/.next/server/app/api/projects/[id]/route.js:273:1)
    at __webpack_require__ (.next/server/webpack-runtime.js:33:43)
    at eval (webpack-internal:///(rsc)/./src/app/api/projects/[id]/route.ts:17:84)
    at __webpack_require__.a (.next/server/webpack-runtime.js:108:13)
    at eval (webpack-internal:///(rsc)/./src/app/api/projects/[id]/route.ts:1:21)
    at <unknown> (rsc)/./src/app/api/projects/[id]/route.ts (/Users/kevin/backups/awsready_20250524/prop-ie-aws-app-PERFECT-WORKING-JUNE13-2025/.next/server/app/api/projects/[id]/route.js:61:1)
    at __webpack_require__ (.next/server/webpack-runtime.js:33:43)
    at __webpack_require__.a (.next/server/webpack-runtime.js:108:13) {
  code: 'MODULE_NOT_FOUND',
  requireStack: [Array],
  page: '/api/projects/fitzgerald-gardens'
}
 GET /api/projects/fitzgerald-gardens 500 in 231ms
 ⚠ ./src/app/api/projects/[id]/route.ts
Attempted import error: 'authOptions' is not exported from '@/lib/auth' (imported as 'authOptions').

Import trace for requested module:
./src/app/api/projects/[id]/route.ts

./src/app/api/projects/[id]/route.ts
Attempted import error: 'authOptions' is not exported from '@/lib/auth' (imported as 'authOptions').

Import trace for requested module:
./src/app/api/projects/[id]/route.ts
 ✓ Compiled /developer/projects/ellwood in 2.5s (6862 modules)
 GET /developer/projects/ellwood 200 in 2843ms
 GET /developer/projects/ellwood 200 in 28ms
 ○ Compiling /api/projects/[id] ...
 ⚠ ./src/app/api/projects/[id]/route.ts
Attempted import error: 'authOptions' is not exported from '@/lib/auth' (imported as 'authOptions').

Import trace for requested module:
./src/app/api/projects/[id]/route.ts

./src/app/api/projects/[id]/route.ts
Attempted import error: 'authOptions' is not exported from '@/lib/auth' (imported as 'authOptions').

Import trace for requested module:
./src/app/api/projects/[id]/route.ts
 ⨯ Error: Cannot find module '.prisma/client/default'
Require stack:
- /Users/kevin/backups/awsready_20250524/prop-ie-aws-app-PERFECT-WORKING-JUNE13-2025/node_modules/@prisma/client/default.js
- /Users/kevin/backups/awsready_20250524/prop-ie-aws-app-PERFECT-WORKING-JUNE13-2025/.next/server/app/api/projects/[id]/route.js
- /Users/kevin/backups/awsready_20250524/prop-ie-aws-app-PERFECT-WORKING-JUNE13-2025/node_modules/next/dist/server/require.js
- /Users/kevin/backups/awsready_20250524/prop-ie-aws-app-PERFECT-WORKING-JUNE13-2025/node_modules/next/dist/server/load-components.js
- /Users/kevin/backups/awsready_20250524/prop-ie-aws-app-PERFECT-WORKING-JUNE13-2025/node_modules/next/dist/build/utils.js
- /Users/kevin/backups/awsready_20250524/prop-ie-aws-app-PERFECT-WORKING-JUNE13-2025/node_modules/next/dist/build/swc/options.js
- /Users/kevin/backups/awsready_20250524/prop-ie-aws-app-PERFECT-WORKING-JUNE13-2025/node_modules/next/dist/build/swc/index.js
- /Users/kevin/backups/awsready_20250524/prop-ie-aws-app-PERFECT-WORKING-JUNE13-2025/node_modules/next/dist/build/analysis/parse-module.js
- /Users/kevin/backups/awsready_20250524/prop-ie-aws-app-PERFECT-WORKING-JUNE13-2025/node_modules/next/dist/build/analysis/get-page-static-info.js
- /Users/kevin/backups/awsready_20250524/prop-ie-aws-app-PERFECT-WORKING-JUNE13-2025/node_modules/next/dist/server/lib/router-utils/setup-dev-bundler.js
- /Users/kevin/backups/awsready_20250524/prop-ie-aws-app-PERFECT-WORKING-JUNE13-2025/node_modules/next/dist/server/lib/router-server.js
- /Users/kevin/backups/awsready_20250524/prop-ie-aws-app-PERFECT-WORKING-JUNE13-2025/node_modules/next/dist/server/lib/start-server.js
    at @prisma/client (.next/server/app/api/projects/[id]/route.js:393:18)
    at __webpack_require__ (.next/server/webpack-runtime.js:33:43)
    at eval (webpack-internal:///(rsc)/./src/lib/db/connection.ts:10:72)
    at __webpack_require__.a (.next/server/webpack-runtime.js:108:13)
    at eval (webpack-internal:///(rsc)/./src/lib/db/connection.ts:1:21)
    at <unknown> (rsc)/./src/lib/db/connection.ts (/Users/kevin/backups/awsready_20250524/prop-ie-aws-app-PERFECT-WORKING-JUNE13-2025/.next/server/app/api/projects/[id]/route.js:130:1)
    at __webpack_require__ (.next/server/webpack-runtime.js:33:43)
    at eval (webpack-internal:///(rsc)/./src/lib/db/index.ts:16:69)
    at __webpack_require__.a (.next/server/webpack-runtime.js:108:13)
    at eval (webpack-internal:///(rsc)/./src/lib/db/index.ts:1:21)
    at <unknown> (rsc)/./src/lib/db/index.ts (/Users/kevin/backups/awsready_20250524/prop-ie-aws-app-PERFECT-WORKING-JUNE13-2025/.next/server/app/api/projects/[id]/route.js:141:1)
    at __webpack_require__ (.next/server/webpack-runtime.js:33:43)
    at eval (webpack-internal:///(rsc)/./src/lib/db/repositories/base-repository.ts:6:64)
    at __webpack_require__.a (.next/server/webpack-runtime.js:108:13)
    at eval (webpack-internal:///(rsc)/./src/lib/db/repositories/base-repository.ts:1:21)
    at <unknown> (rsc)/./src/lib/db/repositories/base-repository.ts (/Users/kevin/backups/awsready_20250524/prop-ie-aws-app-PERFECT-WORKING-JUNE13-2025/.next/server/app/api/projects/[id]/route.js:229:1)
    at __webpack_require__ (.next/server/webpack-runtime.js:33:43)
    at eval (webpack-internal:///(rsc)/./src/lib/db/repositories/index.ts:19:74)
    at __webpack_require__.a (.next/server/webpack-runtime.js:108:13)
    at eval (webpack-internal:///(rsc)/./src/lib/db/repositories/index.ts:1:21)
    at <unknown> (rsc)/./src/lib/db/repositories/index.ts (/Users/kevin/backups/awsready_20250524/prop-ie-aws-app-PERFECT-WORKING-JUNE13-2025/.next/server/app/api/projects/[id]/route.js:273:1)
    at __webpack_require__ (.next/server/webpack-runtime.js:33:43)
    at eval (webpack-internal:///(rsc)/./src/app/api/projects/[id]/route.ts:17:84)
    at __webpack_require__.a (.next/server/webpack-runtime.js:108:13)
    at eval (webpack-internal:///(rsc)/./src/app/api/projects/[id]/route.ts:1:21)
    at <unknown> (rsc)/./src/app/api/projects/[id]/route.ts (/Users/kevin/backups/awsready_20250524/prop-ie-aws-app-PERFECT-WORKING-JUNE13-2025/.next/server/app/api/projects/[id]/route.js:61:1)
    at __webpack_require__ (.next/server/webpack-runtime.js:33:43)
    at __webpack_require__.a (.next/server/webpack-runtime.js:108:13) {
  code: 'MODULE_NOT_FOUND',
  requireStack: [Array],
  page: '/api/projects/ellwood'
}
 ⚠ ./src/app/api/projects/[id]/route.ts
Attempted import error: 'authOptions' is not exported from '@/lib/auth' (imported as 'authOptions').

Import trace for requested module:
./src/app/api/projects/[id]/route.ts

./src/app/api/projects/[id]/route.ts
Attempted import error: 'authOptions' is not exported from '@/lib/auth' (imported as 'authOptions').

Import trace for requested module:
./src/app/api/projects/[id]/route.ts
 ⚠ ./src/app/api/projects/[id]/route.ts
Attempted import error: 'authOptions' is not exported from '@/lib/auth' (imported as 'authOptions').

Import trace for requested module:
./src/app/api/projects/[id]/route.ts

./src/app/api/projects/[id]/route.ts
Attempted import error: 'authOptions' is not exported from '@/lib/auth' (imported as 'authOptions').

Import trace for requested module:
./src/app/api/projects/[id]/route.ts
 GET /api/projects/ellwood 500 in 2150ms
 ⨯ Error: Cannot find module '.prisma/client/default'
Require stack:
- /Users/kevin/backups/awsready_20250524/prop-ie-aws-app-PERFECT-WORKING-JUNE13-2025/node_modules/@prisma/client/default.js
- /Users/kevin/backups/awsready_20250524/prop-ie-aws-app-PERFECT-WORKING-JUNE13-2025/.next/server/app/api/projects/[id]/route.js
- /Users/kevin/backups/awsready_20250524/prop-ie-aws-app-PERFECT-WORKING-JUNE13-2025/node_modules/next/dist/server/require.js
- /Users/kevin/backups/awsready_20250524/prop-ie-aws-app-PERFECT-WORKING-JUNE13-2025/node_modules/next/dist/server/load-components.js
- /Users/kevin/backups/awsready_20250524/prop-ie-aws-app-PERFECT-WORKING-JUNE13-2025/node_modules/next/dist/build/utils.js
- /Users/kevin/backups/awsready_20250524/prop-ie-aws-app-PERFECT-WORKING-JUNE13-2025/node_modules/next/dist/build/swc/options.js
- /Users/kevin/backups/awsready_20250524/prop-ie-aws-app-PERFECT-WORKING-JUNE13-2025/node_modules/next/dist/build/swc/index.js
- /Users/kevin/backups/awsready_20250524/prop-ie-aws-app-PERFECT-WORKING-JUNE13-2025/node_modules/next/dist/build/analysis/parse-module.js
- /Users/kevin/backups/awsready_20250524/prop-ie-aws-app-PERFECT-WORKING-JUNE13-2025/node_modules/next/dist/build/analysis/get-page-static-info.js
- /Users/kevin/backups/awsready_20250524/prop-ie-aws-app-PERFECT-WORKING-JUNE13-2025/node_modules/next/dist/server/lib/router-utils/setup-dev-bundler.js
- /Users/kevin/backups/awsready_20250524/prop-ie-aws-app-PERFECT-WORKING-JUNE13-2025/node_modules/next/dist/server/lib/router-server.js
- /Users/kevin/backups/awsready_20250524/prop-ie-aws-app-PERFECT-WORKING-JUNE13-2025/node_modules/next/dist/server/lib/start-server.js
    at @prisma/client (.next/server/app/api/projects/[id]/route.js:393:18)
    at __webpack_require__ (.next/server/webpack-runtime.js:33:43)
    at eval (webpack-internal:///(rsc)/./src/lib/db/connection.ts:10:72)
    at __webpack_require__.a (.next/server/webpack-runtime.js:108:13)
    at eval (webpack-internal:///(rsc)/./src/lib/db/connection.ts:1:21)
    at <unknown> (rsc)/./src/lib/db/connection.ts (/Users/kevin/backups/awsready_20250524/prop-ie-aws-app-PERFECT-WORKING-JUNE13-2025/.next/server/app/api/projects/[id]/route.js:130:1)
    at __webpack_require__ (.next/server/webpack-runtime.js:33:43)
    at eval (webpack-internal:///(rsc)/./src/lib/db/index.ts:16:69)
    at __webpack_require__.a (.next/server/webpack-runtime.js:108:13)
    at eval (webpack-internal:///(rsc)/./src/lib/db/index.ts:1:21)
    at <unknown> (rsc)/./src/lib/db/index.ts (/Users/kevin/backups/awsready_20250524/prop-ie-aws-app-PERFECT-WORKING-JUNE13-2025/.next/server/app/api/projects/[id]/route.js:141:1)
    at __webpack_require__ (.next/server/webpack-runtime.js:33:43)
    at eval (webpack-internal:///(rsc)/./src/lib/db/repositories/base-repository.ts:6:64)
    at __webpack_require__.a (.next/server/webpack-runtime.js:108:13)
    at eval (webpack-internal:///(rsc)/./src/lib/db/repositories/base-repository.ts:1:21)
    at <unknown> (rsc)/./src/lib/db/repositories/base-repository.ts (/Users/kevin/backups/awsready_20250524/prop-ie-aws-app-PERFECT-WORKING-JUNE13-2025/.next/server/app/api/projects/[id]/route.js:229:1)
    at __webpack_require__ (.next/server/webpack-runtime.js:33:43)
    at eval (webpack-internal:///(rsc)/./src/lib/db/repositories/index.ts:19:74)
    at __webpack_require__.a (.next/server/webpack-runtime.js:108:13)
    at eval (webpack-internal:///(rsc)/./src/lib/db/repositories/index.ts:1:21)
    at <unknown> (rsc)/./src/lib/db/repositories/index.ts (/Users/kevin/backups/awsready_20250524/prop-ie-aws-app-PERFECT-WORKING-JUNE13-2025/.next/server/app/api/projects/[id]/route.js:273:1)
    at __webpack_require__ (.next/server/webpack-runtime.js:33:43)
    at eval (webpack-internal:///(rsc)/./src/app/api/projects/[id]/route.ts:17:84)
    at __webpack_require__.a (.next/server/webpack-runtime.js:108:13)
    at eval (webpack-internal:///(rsc)/./src/app/api/projects/[id]/route.ts:1:21)
    at <unknown> (rsc)/./src/app/api/projects/[id]/route.ts (/Users/kevin/backups/awsready_20250524/prop-ie-aws-app-PERFECT-WORKING-JUNE13-2025/.next/server/app/api/projects/[id]/route.js:61:1)
    at __webpack_require__ (.next/server/webpack-runtime.js:33:43)
    at __webpack_require__.a (.next/server/webpack-runtime.js:108:13) {
  code: 'MODULE_NOT_FOUND',
  requireStack: [Array],
  page: '/api/projects/ellwood'
}
 GET /api/projects/ellwood 500 in 314ms
 ⚠ ./src/app/api/projects/[id]/route.ts
Attempted import error: 'authOptions' is not exported from '@/lib/auth' (imported as 'authOptions').

Import trace for requested module:
./src/app/api/projects/[id]/route.ts

./src/app/api/projects/[id]/route.ts
Attempted import error: 'authOptions' is not exported from '@/lib/auth' (imported as 'authOptions').

Import trace for requested module:
./src/app/api/projects/[id]/route.ts
 ⚠ ./src/app/api/projects/[id]/route.ts
Attempted import error: 'authOptions' is not exported from '@/lib/auth' (imported as 'authOptions').

Import trace for requested module:
./src/app/api/projects/[id]/route.ts

./src/app/api/projects/[id]/route.ts
Attempted import error: 'authOptions' is not exported from '@/lib/auth' (imported as 'authOptions').

Import trace for requested module:
./src/app/api/projects/[id]/route.ts
 GET /developer/projects/ballymakenny-view 200 in 980ms
 ⨯ Error: Cannot find module '.prisma/client/default'
Require stack:
- /Users/kevin/backups/awsready_20250524/prop-ie-aws-app-PERFECT-WORKING-JUNE13-2025/node_modules/@prisma/client/default.js
- /Users/kevin/backups/awsready_20250524/prop-ie-aws-app-PERFECT-WORKING-JUNE13-2025/.next/server/app/api/projects/[id]/route.js
- /Users/kevin/backups/awsready_20250524/prop-ie-aws-app-PERFECT-WORKING-JUNE13-2025/node_modules/next/dist/server/require.js
- /Users/kevin/backups/awsready_20250524/prop-ie-aws-app-PERFECT-WORKING-JUNE13-2025/node_modules/next/dist/server/load-components.js
- /Users/kevin/backups/awsready_20250524/prop-ie-aws-app-PERFECT-WORKING-JUNE13-2025/node_modules/next/dist/build/utils.js
- /Users/kevin/backups/awsready_20250524/prop-ie-aws-app-PERFECT-WORKING-JUNE13-2025/node_modules/next/dist/build/swc/options.js
- /Users/kevin/backups/awsready_20250524/prop-ie-aws-app-PERFECT-WORKING-JUNE13-2025/node_modules/next/dist/build/swc/index.js
- /Users/kevin/backups/awsready_20250524/prop-ie-aws-app-PERFECT-WORKING-JUNE13-2025/node_modules/next/dist/build/analysis/parse-module.js
- /Users/kevin/backups/awsready_20250524/prop-ie-aws-app-PERFECT-WORKING-JUNE13-2025/node_modules/next/dist/build/analysis/get-page-static-info.js
- /Users/kevin/backups/awsready_20250524/prop-ie-aws-app-PERFECT-WORKING-JUNE13-2025/node_modules/next/dist/server/lib/router-utils/setup-dev-bundler.js
- /Users/kevin/backups/awsready_20250524/prop-ie-aws-app-PERFECT-WORKING-JUNE13-2025/node_modules/next/dist/server/lib/router-server.js
- /Users/kevin/backups/awsready_20250524/prop-ie-aws-app-PERFECT-WORKING-JUNE13-2025/node_modules/next/dist/server/lib/start-server.js
    at @prisma/client (.next/server/app/api/projects/[id]/route.js:393:18)
    at __webpack_require__ (.next/server/webpack-runtime.js:33:43)
    at eval (webpack-internal:///(rsc)/./src/lib/db/connection.ts:10:72)
    at __webpack_require__.a (.next/server/webpack-runtime.js:108:13)
    at eval (webpack-internal:///(rsc)/./src/lib/db/connection.ts:1:21)
    at <unknown> (rsc)/./src/lib/db/connection.ts (/Users/kevin/backups/awsready_20250524/prop-ie-aws-app-PERFECT-WORKING-JUNE13-2025/.next/server/app/api/projects/[id]/route.js:130:1)
    at __webpack_require__ (.next/server/webpack-runtime.js:33:43)
    at eval (webpack-internal:///(rsc)/./src/lib/db/index.ts:16:69)
    at __webpack_require__.a (.next/server/webpack-runtime.js:108:13)
    at eval (webpack-internal:///(rsc)/./src/lib/db/index.ts:1:21)
    at <unknown> (rsc)/./src/lib/db/index.ts (/Users/kevin/backups/awsready_20250524/prop-ie-aws-app-PERFECT-WORKING-JUNE13-2025/.next/server/app/api/projects/[id]/route.js:141:1)
    at __webpack_require__ (.next/server/webpack-runtime.js:33:43)
    at eval (webpack-internal:///(rsc)/./src/lib/db/repositories/base-repository.ts:6:64)
    at __webpack_require__.a (.next/server/webpack-runtime.js:108:13)
    at eval (webpack-internal:///(rsc)/./src/lib/db/repositories/base-repository.ts:1:21)
    at <unknown> (rsc)/./src/lib/db/repositories/base-repository.ts (/Users/kevin/backups/awsready_20250524/prop-ie-aws-app-PERFECT-WORKING-JUNE13-2025/.next/server/app/api/projects/[id]/route.js:229:1)
    at __webpack_require__ (.next/server/webpack-runtime.js:33:43)
    at eval (webpack-internal:///(rsc)/./src/lib/db/repositories/index.ts:19:74)
    at __webpack_require__.a (.next/server/webpack-runtime.js:108:13)
    at eval (webpack-internal:///(rsc)/./src/lib/db/repositories/index.ts:1:21)
    at <unknown> (rsc)/./src/lib/db/repositories/index.ts (/Users/kevin/backups/awsready_20250524/prop-ie-aws-app-PERFECT-WORKING-JUNE13-2025/.next/server/app/api/projects/[id]/route.js:273:1)
    at __webpack_require__ (.next/server/webpack-runtime.js:33:43)
    at eval (webpack-internal:///(rsc)/./src/app/api/projects/[id]/route.ts:17:84)
    at __webpack_require__.a (.next/server/webpack-runtime.js:108:13)
    at eval (webpack-internal:///(rsc)/./src/app/api/projects/[id]/route.ts:1:21)
    at <unknown> (rsc)/./src/app/api/projects/[id]/route.ts (/Users/kevin/backups/awsready_20250524/prop-ie-aws-app-PERFECT-WORKING-JUNE13-2025/.next/server/app/api/projects/[id]/route.js:61:1)
    at __webpack_require__ (.next/server/webpack-runtime.js:33:43)
    at __webpack_require__.a (.next/server/webpack-runtime.js:108:13) {
  code: 'MODULE_NOT_FOUND',
  requireStack: [Array],
  page: '/api/projects/ballymakenny-view'
}
 GET /api/projects/ballymakenny-view 500 in 272ms
 ⨯ Error: Cannot find module '.prisma/client/default'
Require stack:
- /Users/kevin/backups/awsready_20250524/prop-ie-aws-app-PERFECT-WORKING-JUNE13-2025/node_modules/@prisma/client/default.js
- /Users/kevin/backups/awsready_20250524/prop-ie-aws-app-PERFECT-WORKING-JUNE13-2025/.next/server/app/api/projects/[id]/route.js
- /Users/kevin/backups/awsready_20250524/prop-ie-aws-app-PERFECT-WORKING-JUNE13-2025/node_modules/next/dist/server/require.js
- /Users/kevin/backups/awsready_20250524/prop-ie-aws-app-PERFECT-WORKING-JUNE13-2025/node_modules/next/dist/server/load-components.js
- /Users/kevin/backups/awsready_20250524/prop-ie-aws-app-PERFECT-WORKING-JUNE13-2025/node_modules/next/dist/build/utils.js
- /Users/kevin/backups/awsready_20250524/prop-ie-aws-app-PERFECT-WORKING-JUNE13-2025/node_modules/next/dist/build/swc/options.js
- /Users/kevin/backups/awsready_20250524/prop-ie-aws-app-PERFECT-WORKING-JUNE13-2025/node_modules/next/dist/build/swc/index.js
- /Users/kevin/backups/awsready_20250524/prop-ie-aws-app-PERFECT-WORKING-JUNE13-2025/node_modules/next/dist/build/analysis/parse-module.js
- /Users/kevin/backups/awsready_20250524/prop-ie-aws-app-PERFECT-WORKING-JUNE13-2025/node_modules/next/dist/build/analysis/get-page-static-info.js
- /Users/kevin/backups/awsready_20250524/prop-ie-aws-app-PERFECT-WORKING-JUNE13-2025/node_modules/next/dist/server/lib/router-utils/setup-dev-bundler.js
- /Users/kevin/backups/awsready_20250524/prop-ie-aws-app-PERFECT-WORKING-JUNE13-2025/node_modules/next/dist/server/lib/router-server.js
- /Users/kevin/backups/awsready_20250524/prop-ie-aws-app-PERFECT-WORKING-JUNE13-2025/node_modules/next/dist/server/lib/start-server.js
    at @prisma/client (.next/server/app/api/projects/[id]/route.js:393:18)
    at __webpack_require__ (.next/server/webpack-runtime.js:33:43)
    at eval (webpack-internal:///(rsc)/./src/lib/db/connection.ts:10:72)
    at __webpack_require__.a (.next/server/webpack-runtime.js:108:13)
    at eval (webpack-internal:///(rsc)/./src/lib/db/connection.ts:1:21)
    at <unknown> (rsc)/./src/lib/db/connection.ts (/Users/kevin/backups/awsready_20250524/prop-ie-aws-app-PERFECT-WORKING-JUNE13-2025/.next/server/app/api/projects/[id]/route.js:130:1)
    at __webpack_require__ (.next/server/webpack-runtime.js:33:43)
    at eval (webpack-internal:///(rsc)/./src/lib/db/index.ts:16:69)
    at __webpack_require__.a (.next/server/webpack-runtime.js:108:13)
    at eval (webpack-internal:///(rsc)/./src/lib/db/index.ts:1:21)
    at <unknown> (rsc)/./src/lib/db/index.ts (/Users/kevin/backups/awsready_20250524/prop-ie-aws-app-PERFECT-WORKING-JUNE13-2025/.next/server/app/api/projects/[id]/route.js:141:1)
    at __webpack_require__ (.next/server/webpack-runtime.js:33:43)
    at eval (webpack-internal:///(rsc)/./src/lib/db/repositories/base-repository.ts:6:64)
    at __webpack_require__.a (.next/server/webpack-runtime.js:108:13)
    at eval (webpack-internal:///(rsc)/./src/lib/db/repositories/base-repository.ts:1:21)
    at <unknown> (rsc)/./src/lib/db/repositories/base-repository.ts (/Users/kevin/backups/awsready_20250524/prop-ie-aws-app-PERFECT-WORKING-JUNE13-2025/.next/server/app/api/projects/[id]/route.js:229:1)
    at __webpack_require__ (.next/server/webpack-runtime.js:33:43)
    at eval (webpack-internal:///(rsc)/./src/lib/db/repositories/index.ts:19:74)
    at __webpack_require__.a (.next/server/webpack-runtime.js:108:13)
    at eval (webpack-internal:///(rsc)/./src/lib/db/repositories/index.ts:1:21)
    at <unknown> (rsc)/./src/lib/db/repositories/index.ts (/Users/kevin/backups/awsready_20250524/prop-ie-aws-app-PERFECT-WORKING-JUNE13-2025/.next/server/app/api/projects/[id]/route.js:273:1)
    at __webpack_require__ (.next/server/webpack-runtime.js:33:43)
    at eval (webpack-internal:///(rsc)/./src/app/api/projects/[id]/route.ts:17:84)
    at __webpack_require__.a (.next/server/webpack-runtime.js:108:13)
    at eval (webpack-internal:///(rsc)/./src/app/api/projects/[id]/route.ts:1:21)
    at <unknown> (rsc)/./src/app/api/projects/[id]/route.ts (/Users/kevin/backups/awsready_20250524/prop-ie-aws-app-PERFECT-WORKING-JUNE13-2025/.next/server/app/api/projects/[id]/route.js:61:1)
    at __webpack_require__ (.next/server/webpack-runtime.js:33:43)
    at __webpack_require__.a (.next/server/webpack-runtime.js:108:13) {
  code: 'MODULE_NOT_FOUND',
  requireStack: [Array],
  page: '/api/projects/ballymakenny-view'
}
 GET /api/projects/ballymakenny-view 500 in 236ms
 ⚠ ./src/app/api/projects/[id]/route.ts
Attempted import error: 'authOptions' is not exported from '@/lib/auth' (imported as 'authOptions').

Import trace for requested module:
./src/app/api/projects/[id]/route.ts

./src/app/api/projects/[id]/route.ts
Attempted import error: 'authOptions' is not exported from '@/lib/auth' (imported as 'authOptions').

Import trace for requested module:
./src/app/api/projects/[id]/route.ts
 ⚠ ./src/app/api/projects/[id]/route.ts
Attempted import error: 'authOptions' is not exported from '@/lib/auth' (imported as 'authOptions').

Import trace for requested module:
./src/app/api/projects/[id]/route.ts

./src/app/api/projects/[id]/route.ts
Attempted import error: 'authOptions' is not exported from '@/lib/auth' (imported as 'authOptions').

Import trace for requested module:
./src/app/api/projects/[id]/route.ts
 GET /developer/timeline 200 in 3138ms
 ✓ Compiled /developer/timeline in 3.2s (6872 modules)
 GET /developer/timeline 200 in 272ms
 GET /developer 200 in 114ms
 ○ Compiling /api/projects/[id] ...
 ✓ Compiled /api/projects/[id] in 1175ms (4056 modules)
 ⨯ Error: Cannot find module '.prisma/client/default'
Require stack:
- /Users/kevin/backups/awsready_20250524/prop-ie-aws-app-PERFECT-WORKING-JUNE13-2025/node_modules/@prisma/client/default.js
- /Users/kevin/backups/awsready_20250524/prop-ie-aws-app-PERFECT-WORKING-JUNE13-2025/.next/server/app/api/projects/[id]/route.js
- /Users/kevin/backups/awsready_20250524/prop-ie-aws-app-PERFECT-WORKING-JUNE13-2025/node_modules/next/dist/server/require.js
- /Users/kevin/backups/awsready_20250524/prop-ie-aws-app-PERFECT-WORKING-JUNE13-2025/node_modules/next/dist/server/load-components.js
- /Users/kevin/backups/awsready_20250524/prop-ie-aws-app-PERFECT-WORKING-JUNE13-2025/node_modules/next/dist/build/utils.js
- /Users/kevin/backups/awsready_20250524/prop-ie-aws-app-PERFECT-WORKING-JUNE13-2025/node_modules/next/dist/build/swc/options.js
- /Users/kevin/backups/awsready_20250524/prop-ie-aws-app-PERFECT-WORKING-JUNE13-2025/node_modules/next/dist/build/swc/index.js
- /Users/kevin/backups/awsready_20250524/prop-ie-aws-app-PERFECT-WORKING-JUNE13-2025/node_modules/next/dist/build/analysis/parse-module.js
- /Users/kevin/backups/awsready_20250524/prop-ie-aws-app-PERFECT-WORKING-JUNE13-2025/node_modules/next/dist/build/analysis/get-page-static-info.js
- /Users/kevin/backups/awsready_20250524/prop-ie-aws-app-PERFECT-WORKING-JUNE13-2025/node_modules/next/dist/server/lib/router-utils/setup-dev-bundler.js
- /Users/kevin/backups/awsready_20250524/prop-ie-aws-app-PERFECT-WORKING-JUNE13-2025/node_modules/next/dist/server/lib/router-server.js
- /Users/kevin/backups/awsready_20250524/prop-ie-aws-app-PERFECT-WORKING-JUNE13-2025/node_modules/next/dist/server/lib/start-server.js
    at @prisma/client (.next/server/app/api/projects/[id]/route.js:409:18)
    at __webpack_require__ (.next/server/webpack-runtime.js:33:43)
    at eval (webpack-internal:///(rsc)/./src/lib/db/connection.ts:10:72)
    at __webpack_require__.a (.next/server/webpack-runtime.js:108:13)
    at eval (webpack-internal:///(rsc)/./src/lib/db/connection.ts:1:21)
    at <unknown> (rsc)/./src/lib/db/connection.ts (/Users/kevin/backups/awsready_20250524/prop-ie-aws-app-PERFECT-WORKING-JUNE13-2025/.next/server/app/api/projects/[id]/route.js:135:1)
    at __webpack_require__ (.next/server/webpack-runtime.js:33:43)
    at eval (webpack-internal:///(rsc)/./src/lib/db/index.ts:16:69)
    at __webpack_require__.a (.next/server/webpack-runtime.js:108:13)
    at eval (webpack-internal:///(rsc)/./src/lib/db/index.ts:1:21)
    at <unknown> (rsc)/./src/lib/db/index.ts (/Users/kevin/backups/awsready_20250524/prop-ie-aws-app-PERFECT-WORKING-JUNE13-2025/.next/server/app/api/projects/[id]/route.js:146:1)
    at __webpack_require__ (.next/server/webpack-runtime.js:33:43)
    at eval (webpack-internal:///(rsc)/./src/lib/db/repositories/base-repository.ts:6:64)
    at __webpack_require__.a (.next/server/webpack-runtime.js:108:13)
    at eval (webpack-internal:///(rsc)/./src/lib/db/repositories/base-repository.ts:1:21)
    at <unknown> (rsc)/./src/lib/db/repositories/base-repository.ts (/Users/kevin/backups/awsready_20250524/prop-ie-aws-app-PERFECT-WORKING-JUNE13-2025/.next/server/app/api/projects/[id]/route.js:234:1)
    at __webpack_require__ (.next/server/webpack-runtime.js:33:43)
    at eval (webpack-internal:///(rsc)/./src/lib/db/repositories/index.ts:19:74)
    at __webpack_require__.a (.next/server/webpack-runtime.js:108:13)
    at eval (webpack-internal:///(rsc)/./src/lib/db/repositories/index.ts:1:21)
    at <unknown> (rsc)/./src/lib/db/repositories/index.ts (/Users/kevin/backups/awsready_20250524/prop-ie-aws-app-PERFECT-WORKING-JUNE13-2025/.next/server/app/api/projects/[id]/route.js:278:1)
    at __webpack_require__ (.next/server/webpack-runtime.js:33:43)
    at eval (webpack-internal:///(rsc)/./src/app/api/projects/[id]/route.ts:17:84)
    at __webpack_require__.a (.next/server/webpack-runtime.js:108:13)
    at eval (webpack-internal:///(rsc)/./src/app/api/projects/[id]/route.ts:1:21)
    at <unknown> (rsc)/./src/app/api/projects/[id]/route.ts (/Users/kevin/backups/awsready_20250524/prop-ie-aws-app-PERFECT-WORKING-JUNE13-2025/.next/server/app/api/projects/[id]/route.js:61:1)
    at __webpack_require__ (.next/server/webpack-runtime.js:33:43)
    at __webpack_require__.a (.next/server/webpack-runtime.js:108:13) {
  code: 'MODULE_NOT_FOUND',
  requireStack: [Array],
  page: '/api/projects/fitzgerald-gardens'
}
 ⨯ Error: Cannot find module '.prisma/client/default'
Require stack:
- /Users/kevin/backups/awsready_20250524/prop-ie-aws-app-PERFECT-WORKING-JUNE13-2025/node_modules/@prisma/client/default.js
- /Users/kevin/backups/awsready_20250524/prop-ie-aws-app-PERFECT-WORKING-JUNE13-2025/.next/server/app/api/projects/[id]/route.js
- /Users/kevin/backups/awsready_20250524/prop-ie-aws-app-PERFECT-WORKING-JUNE13-2025/node_modules/next/dist/server/require.js
- /Users/kevin/backups/awsready_20250524/prop-ie-aws-app-PERFECT-WORKING-JUNE13-2025/node_modules/next/dist/server/load-components.js
- /Users/kevin/backups/awsready_20250524/prop-ie-aws-app-PERFECT-WORKING-JUNE13-2025/node_modules/next/dist/build/utils.js
- /Users/kevin/backups/awsready_20250524/prop-ie-aws-app-PERFECT-WORKING-JUNE13-2025/node_modules/next/dist/build/swc/options.js
- /Users/kevin/backups/awsready_20250524/prop-ie-aws-app-PERFECT-WORKING-JUNE13-2025/node_modules/next/dist/build/swc/index.js
- /Users/kevin/backups/awsready_20250524/prop-ie-aws-app-PERFECT-WORKING-JUNE13-2025/node_modules/next/dist/build/analysis/parse-module.js
- /Users/kevin/backups/awsready_20250524/prop-ie-aws-app-PERFECT-WORKING-JUNE13-2025/node_modules/next/dist/build/analysis/get-page-static-info.js
- /Users/kevin/backups/awsready_20250524/prop-ie-aws-app-PERFECT-WORKING-JUNE13-2025/node_modules/next/dist/server/lib/router-utils/setup-dev-bundler.js
- /Users/kevin/backups/awsready_20250524/prop-ie-aws-app-PERFECT-WORKING-JUNE13-2025/node_modules/next/dist/server/lib/router-server.js
- /Users/kevin/backups/awsready_20250524/prop-ie-aws-app-PERFECT-WORKING-JUNE13-2025/node_modules/next/dist/server/lib/start-server.js
    at @prisma/client (.next/server/app/api/projects/[id]/route.js:409:18)
    at __webpack_require__ (.next/server/webpack-runtime.js:33:43)
    at eval (webpack-internal:///(rsc)/./src/lib/db/connection.ts:10:72)
    at __webpack_require__.a (.next/server/webpack-runtime.js:108:13)
    at eval (webpack-internal:///(rsc)/./src/lib/db/connection.ts:1:21)
    at <unknown> (rsc)/./src/lib/db/connection.ts (/Users/kevin/backups/awsready_20250524/prop-ie-aws-app-PERFECT-WORKING-JUNE13-2025/.next/server/app/api/projects/[id]/route.js:135:1)
    at __webpack_require__ (.next/server/webpack-runtime.js:33:43)
    at eval (webpack-internal:///(rsc)/./src/lib/db/index.ts:16:69)
    at __webpack_require__.a (.next/server/webpack-runtime.js:108:13)
    at eval (webpack-internal:///(rsc)/./src/lib/db/index.ts:1:21)
    at <unknown> (rsc)/./src/lib/db/index.ts (/Users/kevin/backups/awsready_20250524/prop-ie-aws-app-PERFECT-WORKING-JUNE13-2025/.next/server/app/api/projects/[id]/route.js:146:1)
    at __webpack_require__ (.next/server/webpack-runtime.js:33:43)
    at eval (webpack-internal:///(rsc)/./src/lib/db/repositories/base-repository.ts:6:64)
    at __webpack_require__.a (.next/server/webpack-runtime.js:108:13)
    at eval (webpack-internal:///(rsc)/./src/lib/db/repositories/base-repository.ts:1:21)
    at <unknown> (rsc)/./src/lib/db/repositories/base-repository.ts (/Users/kevin/backups/awsready_20250524/prop-ie-aws-app-PERFECT-WORKING-JUNE13-2025/.next/server/app/api/projects/[id]/route.js:234:1)
    at __webpack_require__ (.next/server/webpack-runtime.js:33:43)
    at eval (webpack-internal:///(rsc)/./src/lib/db/repositories/index.ts:19:74)
    at __webpack_require__.a (.next/server/webpack-runtime.js:108:13)
    at eval (webpack-internal:///(rsc)/./src/lib/db/repositories/index.ts:1:21)
    at <unknown> (rsc)/./src/lib/db/repositories/index.ts (/Users/kevin/backups/awsready_20250524/prop-ie-aws-app-PERFECT-WORKING-JUNE13-2025/.next/server/app/api/projects/[id]/route.js:278:1)
    at __webpack_require__ (.next/server/webpack-runtime.js:33:43)
    at eval (webpack-internal:///(rsc)/./src/app/api/projects/[id]/route.ts:17:84)
    at __webpack_require__.a (.next/server/webpack-runtime.js:108:13)
    at eval (webpack-internal:///(rsc)/./src/app/api/projects/[id]/route.ts:1:21)
    at <unknown> (rsc)/./src/app/api/projects/[id]/route.ts (/Users/kevin/backups/awsready_20250524/prop-ie-aws-app-PERFECT-WORKING-JUNE13-2025/.next/server/app/api/projects/[id]/route.js:61:1)
    at __webpack_require__ (.next/server/webpack-runtime.js:33:43)
    at __webpack_require__.a (.next/server/webpack-runtime.js:108:13) {
  code: 'MODULE_NOT_FOUND',
  requireStack: [Array],
  page: '/api/projects/fitzgerald-gardens'
}
 ⨯ Error: Cannot find module '.prisma/client/default'
Require stack:
- /Users/kevin/backups/awsready_20250524/prop-ie-aws-app-PERFECT-WORKING-JUNE13-2025/node_modules/@prisma/client/default.js
- /Users/kevin/backups/awsready_20250524/prop-ie-aws-app-PERFECT-WORKING-JUNE13-2025/.next/server/app/api/projects/[id]/route.js
- /Users/kevin/backups/awsready_20250524/prop-ie-aws-app-PERFECT-WORKING-JUNE13-2025/node_modules/next/dist/server/require.js
- /Users/kevin/backups/awsready_20250524/prop-ie-aws-app-PERFECT-WORKING-JUNE13-2025/node_modules/next/dist/server/load-components.js
- /Users/kevin/backups/awsready_20250524/prop-ie-aws-app-PERFECT-WORKING-JUNE13-2025/node_modules/next/dist/build/utils.js
- /Users/kevin/backups/awsready_20250524/prop-ie-aws-app-PERFECT-WORKING-JUNE13-2025/node_modules/next/dist/build/swc/options.js
- /Users/kevin/backups/awsready_20250524/prop-ie-aws-app-PERFECT-WORKING-JUNE13-2025/node_modules/next/dist/build/swc/index.js
- /Users/kevin/backups/awsready_20250524/prop-ie-aws-app-PERFECT-WORKING-JUNE13-2025/node_modules/next/dist/build/analysis/parse-module.js
- /Users/kevin/backups/awsready_20250524/prop-ie-aws-app-PERFECT-WORKING-JUNE13-2025/node_modules/next/dist/build/analysis/get-page-static-info.js
- /Users/kevin/backups/awsready_20250524/prop-ie-aws-app-PERFECT-WORKING-JUNE13-2025/node_modules/next/dist/server/lib/router-utils/setup-dev-bundler.js
- /Users/kevin/backups/awsready_20250524/prop-ie-aws-app-PERFECT-WORKING-JUNE13-2025/node_modules/next/dist/server/lib/router-server.js
- /Users/kevin/backups/awsready_20250524/prop-ie-aws-app-PERFECT-WORKING-JUNE13-2025/node_modules/next/dist/server/lib/start-server.js
    at @prisma/client (.next/server/app/api/projects/[id]/route.js:409:18)
    at __webpack_require__ (.next/server/webpack-runtime.js:33:43)
    at eval (webpack-internal:///(rsc)/./src/lib/db/connection.ts:10:72)
    at __webpack_require__.a (.next/server/webpack-runtime.js:108:13)
    at eval (webpack-internal:///(rsc)/./src/lib/db/connection.ts:1:21)
    at <unknown> (rsc)/./src/lib/db/connection.ts (/Users/kevin/backups/awsready_20250524/prop-ie-aws-app-PERFECT-WORKING-JUNE13-2025/.next/server/app/api/projects/[id]/route.js:135:1)
    at __webpack_require__ (.next/server/webpack-runtime.js:33:43)
    at eval (webpack-internal:///(rsc)/./src/lib/db/index.ts:16:69)
    at __webpack_require__.a (.next/server/webpack-runtime.js:108:13)
    at eval (webpack-internal:///(rsc)/./src/lib/db/index.ts:1:21)
    at <unknown> (rsc)/./src/lib/db/index.ts (/Users/kevin/backups/awsready_20250524/prop-ie-aws-app-PERFECT-WORKING-JUNE13-2025/.next/server/app/api/projects/[id]/route.js:146:1)
    at __webpack_require__ (.next/server/webpack-runtime.js:33:43)
    at eval (webpack-internal:///(rsc)/./src/lib/db/repositories/base-repository.ts:6:64)
    at __webpack_require__.a (.next/server/webpack-runtime.js:108:13)
    at eval (webpack-internal:///(rsc)/./src/lib/db/repositories/base-repository.ts:1:21)
    at <unknown> (rsc)/./src/lib/db/repositories/base-repository.ts (/Users/kevin/backups/awsready_20250524/prop-ie-aws-app-PERFECT-WORKING-JUNE13-2025/.next/server/app/api/projects/[id]/route.js:234:1)
    at __webpack_require__ (.next/server/webpack-runtime.js:33:43)
    at eval (webpack-internal:///(rsc)/./src/lib/db/repositories/index.ts:19:74)
    at __webpack_require__.a (.next/server/webpack-runtime.js:108:13)
    at eval (webpack-internal:///(rsc)/./src/lib/db/repositories/index.ts:1:21)
    at <unknown> (rsc)/./src/lib/db/repositories/index.ts (/Users/kevin/backups/awsready_20250524/prop-ie-aws-app-PERFECT-WORKING-JUNE13-2025/.next/server/app/api/projects/[id]/route.js:278:1)
    at __webpack_require__ (.next/server/webpack-runtime.js:33:43)
    at eval (webpack-internal:///(rsc)/./src/app/api/projects/[id]/route.ts:17:84)
    at __webpack_require__.a (.next/server/webpack-runtime.js:108:13)
    at eval (webpack-internal:///(rsc)/./src/app/api/projects/[id]/route.ts:1:21)
    at <unknown> (rsc)/./src/app/api/projects/[id]/route.ts (/Users/kevin/backups/awsready_20250524/prop-ie-aws-app-PERFECT-WORKING-JUNE13-2025/.next/server/app/api/projects/[id]/route.js:61:1)
    at __webpack_require__ (.next/server/webpack-runtime.js:33:43)
    at __webpack_require__.a (.next/server/webpack-runtime.js:108:13) {
  code: 'MODULE_NOT_FOUND',
  requireStack: [Array],
  page: '/api/projects/fitzgerald-gardens'
}
 ○ Compiling /developer/overview ...
 ✓ Compiled /developer/overview in 3.7s (7180 modules)
 ⨯ [Error: ENOENT: no such file or directory, open '/Users/kevin/backups/awsready_20250524/prop-ie-aws-app-PERFECT-WORKING-JUNE13-2025/.next/server/pages/_document.js'] {
  errno: -2,
  code: 'ENOENT',
  syscall: 'open',
  path: '/Users/kevin/backups/awsready_20250524/prop-ie-aws-app-PERFECT-WORKING-JUNE13-2025/.next/server/pages/_document.js'
}
 ⨯ [Error: ENOENT: no such file or directory, open '/Users/kevin/backups/awsready_20250524/prop-ie-aws-app-PERFECT-WORKING-JUNE13-2025/.next/server/pages/_document.js'] {
  errno: -2,
  code: 'ENOENT',
  syscall: 'open',
  path: '/Users/kevin/backups/awsready_20250524/prop-ie-aws-app-PERFECT-WORKING-JUNE13-2025/.next/server/pages/_document.js'
}
 ⨯ [Error: ENOENT: no such file or directory, open '/Users/kevin/backups/awsready_20250524/prop-ie-aws-app-PERFECT-WORKING-JUNE13-2025/.next/server/pages/_document.js'] {
  errno: -2,
  code: 'ENOENT',
  syscall: 'open',
  path: '/Users/kevin/backups/awsready_20250524/prop-ie-aws-app-PERFECT-WORKING-JUNE13-2025/.next/server/pages/_document.js'
}
[@sentry/nextjs] DEPRECATION WARNING: It is recommended renaming your `sentry.client.config.ts` file, or moving its content to `instrumentation-client.ts`. When using Turbopack `sentry.client.config.ts` will no longer work. Read more about the `instrumentation-client.ts` file: https://nextjs.org/docs/app/api-reference/file-conventions/instrumentation-client
[@sentry/nextjs] DEPRECATION WARNING: It is recommended renaming your `sentry.client.config.ts` file, or moving its content to `instrumentation-client.ts`. When using Turbopack `sentry.client.config.ts` will no longer work. Read more about the `instrumentation-client.ts` file: https://nextjs.org/docs/app/api-reference/file-conventions/instrumentation-client
[@sentry/nextjs] DEPRECATION WARNING: It is recommended renaming your `sentry.client.config.ts` file, or moving its content to `instrumentation-client.ts`. When using Turbopack `sentry.client.config.ts` will no longer work. Read more about the `instrumentation-client.ts` file: https://nextjs.org/docs/app/api-reference/file-conventions/instrumentation-client
 ⨯ [Error: Cannot find module '/Users/kevin/backups/awsready_20250524/prop-ie-aws-app-PERFECT-WORKING-JUNE13-2025/.next/server/app/developer/overview/page.js'
Require stack:
- /Users/kevin/backups/awsready_20250524/prop-ie-aws-app-PERFECT-WORKING-JUNE13-2025/node_modules/next/dist/server/require.js
- /Users/kevin/backups/awsready_20250524/prop-ie-aws-app-PERFECT-WORKING-JUNE13-2025/node_modules/next/dist/server/load-components.js
- /Users/kevin/backups/awsready_20250524/prop-ie-aws-app-PERFECT-WORKING-JUNE13-2025/node_modules/next/dist/build/utils.js
- /Users/kevin/backups/awsready_20250524/prop-ie-aws-app-PERFECT-WORKING-JUNE13-2025/node_modules/next/dist/build/swc/options.js
- /Users/kevin/backups/awsready_20250524/prop-ie-aws-app-PERFECT-WORKING-JUNE13-2025/node_modules/next/dist/build/swc/index.js
- /Users/kevin/backups/awsready_20250524/prop-ie-aws-app-PERFECT-WORKING-JUNE13-2025/node_modules/next/dist/build/analysis/parse-module.js
- /Users/kevin/backups/awsready_20250524/prop-ie-aws-app-PERFECT-WORKING-JUNE13-2025/node_modules/next/dist/build/analysis/get-page-static-info.js
- /Users/kevin/backups/awsready_20250524/prop-ie-aws-app-PERFECT-WORKING-JUNE13-2025/node_modules/next/dist/server/lib/router-utils/setup-dev-bundler.js
- /Users/kevin/backups/awsready_20250524/prop-ie-aws-app-PERFECT-WORKING-JUNE13-2025/node_modules/next/dist/server/lib/router-server.js
- /Users/kevin/backups/awsready_20250524/prop-ie-aws-app-PERFECT-WORKING-JUNE13-2025/node_modules/next/dist/server/lib/start-server.js] {
  code: 'MODULE_NOT_FOUND',
  requireStack: [Array],
  page: '/developer/overview'
}
 ⨯ [Error: ENOENT: no such file or directory, open '/Users/kevin/backups/awsready_20250524/prop-ie-aws-app-PERFECT-WORKING-JUNE13-2025/.next/server/pages/_document.js'] {
  errno: -2,
  code: 'ENOENT',
  syscall: 'open',
  path: '/Users/kevin/backups/awsready_20250524/prop-ie-aws-app-PERFECT-WORKING-JUNE13-2025/.next/server/pages/_document.js'
}
 ⨯ [Error: ENOENT: no such file or directory, open '/Users/kevin/backups/awsready_20250524/prop-ie-aws-app-PERFECT-WORKING-JUNE13-2025/.next/server/app/developer/projects/fitzgerald-gardens/page.js'] {
  errno: -2,
  code: 'ENOENT',
  syscall: 'open',
  path: '/Users/kevin/backups/awsready_20250524/prop-ie-aws-app-PERFECT-WORKING-JUNE13-2025/.next/server/app/developer/projects/fitzgerald-gardens/page.js',
  page: '/developer/projects/fitzgerald-gardens'
}
[@sentry/nextjs] DEPRECATION WARNING: It is recommended renaming your `sentry.client.config.ts` file, or moving its content to `instrumentation-client.ts`. When using Turbopack `sentry.client.config.ts` will no longer work. Read more about the `instrumentation-client.ts` file: https://nextjs.org/docs/app/api-reference/file-conventions/instrumentation-client
 ⨯ [Error: ENOENT: no such file or directory, open '/Users/kevin/backups/awsready_20250524/prop-ie-aws-app-PERFECT-WORKING-JUNE13-2025/.next/server/pages/_document.js'] {
  errno: -2,
  code: 'ENOENT',
  syscall: 'open',
  path: '/Users/kevin/backups/awsready_20250524/prop-ie-aws-app-PERFECT-WORKING-JUNE13-2025/.next/server/pages/_document.js'
}
[@sentry/nextjs] DEPRECATION WARNING: It is recommended renaming your `sentry.client.config.ts` file, or moving its content to `instrumentation-client.ts`. When using Turbopack `sentry.client.config.ts` will no longer work. Read more about the `instrumentation-client.ts` file: https://nextjs.org/docs/app/api-reference/file-conventions/instrumentation-client
 GET /api/projects/fitzgerald-gardens 500 in 15819ms
 GET /api/projects/ballymakenny-view 500 in 15818ms
 GET /api/projects/ellwood 500 in 17258ms
 ⨯ [Error: ENOENT: no such file or directory, open '/Users/kevin/backups/awsready_20250524/prop-ie-aws-app-PERFECT-WORKING-JUNE13-2025/.next/server/app/api/projects/[id]/route.js'] {
  errno: -2,
  code: 'ENOENT',
  syscall: 'open',
  path: '/Users/kevin/backups/awsready_20250524/prop-ie-aws-app-PERFECT-WORKING-JUNE13-2025/.next/server/app/api/projects/[id]/route.js',
  page: '/api/projects/ballymakenny-view'
}
 ⨯ [Error: ENOENT: no such file or directory, open '/Users/kevin/backups/awsready_20250524/prop-ie-aws-app-PERFECT-WORKING-JUNE13-2025/.next/server/pages/_document.js'] {
  errno: -2,
  code: 'ENOENT',
  syscall: 'open',
  path: '/Users/kevin/backups/awsready_20250524/prop-ie-aws-app-PERFECT-WORKING-JUNE13-2025/.next/server/pages/_document.js'
}
 ⨯ [Error: ENOENT: no such file or directory, open '/Users/kevin/backups/awsready_20250524/prop-ie-aws-app-PERFECT-WORKING-JUNE13-2025/.next/server/app/api/projects/[id]/route.js'] {
  errno: -2,
  code: 'ENOENT',
  syscall: 'open',
  path: '/Users/kevin/backups/awsready_20250524/prop-ie-aws-app-PERFECT-WORKING-JUNE13-2025/.next/server/app/api/projects/[id]/route.js',
  page: '/api/projects/fitzgerald-gardens'
}
 ⨯ [Error: ENOENT: no such file or directory, open '/Users/kevin/backups/awsready_20250524/prop-ie-aws-app-PERFECT-WORKING-JUNE13-2025/.next/server/pages/_document.js'] {
  errno: -2,
  code: 'ENOENT',
  syscall: 'open',
  path: '/Users/kevin/backups/awsready_20250524/prop-ie-aws-app-PERFECT-WORKING-JUNE13-2025/.next/server/pages/_document.js'
}
 GET /api/projects/ballymakenny-view 500 in 1507ms
 GET /api/projects/fitzgerald-gardens 500 in 1652ms
 GET /developer/overview 500 in 16030ms
 ⨯ [Error: ENOENT: no such file or directory, open '/Users/kevin/backups/awsready_20250524/prop-ie-aws-app-PERFECT-WORKING-JUNE13-2025/.next/server/app/api/projects/[id]/route.js'] {
  errno: -2,
  code: 'ENOENT',
  syscall: 'open',
  path: '/Users/kevin/backups/awsready_20250524/prop-ie-aws-app-PERFECT-WORKING-JUNE13-2025/.next/server/app/api/projects/[id]/route.js',
  page: '/api/projects/ellwood'
}
 ○ Compiling /_not-found ...
 ✓ Compiled /_not-found in 2.3s (7184 modules)
 ⨯ [Error: ENOENT: no such file or directory, open '/Users/kevin/backups/awsready_20250524/prop-ie-aws-app-PERFECT-WORKING-JUNE13-2025/.next/server/pages/_document.js'] {
  errno: -2,
  code: 'ENOENT',
  syscall: 'open',
  path: '/Users/kevin/backups/awsready_20250524/prop-ie-aws-app-PERFECT-WORKING-JUNE13-2025/.next/server/pages/_document.js'
}
 GET /developer/projects/fitzgerald-gardens 500 in 14936ms
 ⨯ Error: ENOENT: no such file or directory, open '/Users/kevin/backups/awsready_20250524/prop-ie-aws-app-PERFECT-WORKING-JUNE13-2025/.next/server/vendor-chunks/next.js'
    at __webpack_require__.f.require (.next/server/webpack-runtime.js:275:28)
    at <unknown> (.next/server/webpack-runtime.js:188:40)
    at Array.reduce (<anonymous>)
    at __webpack_require__.e (.next/server/webpack-runtime.js:187:67)
    at Array.map (<anonymous>)
    at __webpack_require__.X (.next/server/webpack-runtime.js:239:22)
    at <unknown> (.next/server/app/_not-found/page.js:957:47)
    at Object.<anonymous> (.next/server/app/_not-found/page.js:960:3) {
  errno: -2,
  code: 'ENOENT',
  syscall: 'open',
  path: '/Users/kevin/backups/awsready_20250524/prop-ie-aws-app-PERFECT-WORKING-JUNE13-2025/.next/server/vendor-chunks/next.js'
}
 GET /api/projects/ellwood 500 in 2619ms
 GET /_next/static/webpack/webpack.cbd0382c4132f391.hot-update.js 500 in 2422ms
 ⚠ Fast Refresh had to perform a full reload. Read more: https://nextjs.org/docs/messages/fast-refresh-reload
 ⨯ [Error: ENOENT: no such file or directory, open '/Users/kevin/backups/awsready_20250524/prop-ie-aws-app-PERFECT-WORKING-JUNE13-2025/.next/server/app/developer/projects/fitzgerald-gardens/page.js'] {
  errno: -2,
  code: 'ENOENT',
  syscall: 'open',
  path: '/Users/kevin/backups/awsready_20250524/prop-ie-aws-app-PERFECT-WORKING-JUNE13-2025/.next/server/app/developer/projects/fitzgerald-gardens/page.js',
  page: '/developer/projects/fitzgerald-gardens'
}
 ⨯ [Error: ENOENT: no such file or directory, open '/Users/kevin/backups/awsready_20250524/prop-ie-aws-app-PERFECT-WORKING-JUNE13-2025/.next/server/pages/_document.js'] {
  errno: -2,
  code: 'ENOENT',
  syscall: 'open',
  path: '/Users/kevin/backups/awsready_20250524/prop-ie-aws-app-PERFECT-WORKING-JUNE13-2025/.next/server/pages/_document.js'
}
 GET /developer/projects/fitzgerald-gardens 500 in 97ms
 ⨯ [Error: ENOENT: no such file or directory, open '/Users/kevin/backups/awsready_20250524/prop-ie-aws-app-PERFECT-WORKING-JUNE13-2025/.next/server/app/developer/page.js'] {
  errno: -2,
  code: 'ENOENT',
  syscall: 'open',
  path: '/Users/kevin/backups/awsready_20250524/prop-ie-aws-app-PERFECT-WORKING-JUNE13-2025/.next/server/app/developer/page.js',
  page: '/developer'
}
 ⨯ [Error: ENOENT: no such file or directory, open '/Users/kevin/backups/awsready_20250524/prop-ie-aws-app-PERFECT-WORKING-JUNE13-2025/.next/server/pages/_document.js'] {
  errno: -2,
  code: 'ENOENT',
  syscall: 'open',
  path: '/Users/kevin/backups/awsready_20250524/prop-ie-aws-app-PERFECT-WORKING-JUNE13-2025/.next/server/pages/_document.js'
}
 GET /developer 500 in 109ms
 GET /developer/projects/fitzgerald-gardens 200 in 60ms
 ⨯ [Error: ENOENT: no such file or directory, open '/Users/kevin/backups/awsready_20250524/prop-ie-aws-app-PERFECT-WORKING-JUNE13-2025/.next/server/app/developer/projects/fitzgerald-gardens/page.js'] {
  errno: -2,
  code: 'ENOENT',
  syscall: 'open',
  path: '/Users/kevin/backups/awsready_20250524/prop-ie-aws-app-PERFECT-WORKING-JUNE13-2025/.next/server/app/developer/projects/fitzgerald-gardens/page.js',
  page: '/developer/projects/fitzgerald-gardens'
}
 ⨯ [Error: ENOENT: no such file or directory, open '/Users/kevin/backups/awsready_20250524/prop-ie-aws-app-PERFECT-WORKING-JUNE13-2025/.next/server/pages/_document.js'] {
  errno: -2,
  code: 'ENOENT',
  syscall: 'open',
  path: '/Users/kevin/backups/awsready_20250524/prop-ie-aws-app-PERFECT-WORKING-JUNE13-2025/.next/server/pages/_document.js'
}
 ⨯ [Error: ENOENT: no such file or directory, open '/Users/kevin/backups/awsready_20250524/prop-ie-aws-app-PERFECT-WORKING-JUNE13-2025/.next/server/app/developer/projects/fitzgerald-gardens/page.js'] {
  errno: -2,
  code: 'ENOENT',
  syscall: 'open',
  path: '/Users/kevin/backups/awsready_20250524/prop-ie-aws-app-PERFECT-WORKING-JUNE13-2025/.next/server/app/developer/projects/fitzgerald-gardens/page.js',
  page: '/developer/projects/fitzgerald-gardens'
}
 ⨯ [Error: ENOENT: no such file or directory, open '/Users/kevin/backups/awsready_20250524/prop-ie-aws-app-PERFECT-WORKING-JUNE13-2025/.next/server/pages/_document.js'] {
  errno: -2,
  code: 'ENOENT',
  syscall: 'open',
  path: '/Users/kevin/backups/awsready_20250524/prop-ie-aws-app-PERFECT-WORKING-JUNE13-2025/.next/server/pages/_document.js'
}
 GET /developer/projects/fitzgerald-gardens 500 in 258ms
<w> [webpack.cache.PackFileCacheStrategy] Caching failed for pack: Error: ENOENT: no such file or directory, rename '/Users/kevin/backups/awsready_20250524/prop-ie-aws-app-PERFECT-WORKING-JUNE13-2025/.next/cache/webpack/client-development-fallback/0.pack.gz_' -> '/Users/kevin/backups/awsready_20250524/prop-ie-aws-app-PERFECT-WORKING-JUNE13-2025/.next/cache/webpack/client-development-fallback/0.pack.gz'
<w> [webpack.cache.PackFileCacheStrategy] Caching failed for pack: Error: ENOENT: no such file or directory, rename '/Users/kevin/backups/awsready_20250524/prop-ie-aws-app-PERFECT-WORKING-JUNE13-2025/.next/cache/webpack/client-development-fallback/0.pack.gz_' -> '/Users/kevin/backups/awsready_20250524/prop-ie-aws-app-PERFECT-WORKING-JUNE13-2025/.next/cache/webpack/client-development-fallback/0.pack.gz'
<w> [webpack.cache.PackFileCacheStrategy] Caching failed for pack: Error: ENOENT: no such file or directory, rename '/Users/kevin/backups/awsready_20250524/prop-ie-aws-app-PERFECT-WORKING-JUNE13-2025/.next/cache/webpack/client-development-fallback/0.pack.gz_' -> '/Users/kevin/backups/awsready_20250524/prop-ie-aws-app-PERFECT-WORKING-JUNE13-2025/.next/cache/webpack/client-development-fallback/0.pack.gz'
<w> [webpack.cache.PackFileCacheStrategy] Caching failed for pack: Error: ENOENT: no such file or directory, rename '/Users/kevin/backups/awsready_20250524/prop-ie-aws-app-PERFECT-WORKING-JUNE13-2025/.next/cache/webpack/client-development-fallback/0.pack.gz_' -> '/Users/kevin/backups/awsready_20250524/prop-ie-aws-app-PERFECT-WORKING-JUNE13-2025/.next/cache/webpack/client-development-fallback/0.pack.gz'
 ✓ Compiled in 2.6s (3087 modules)
 ○ Compiling /_not-found ...
 ✓ Compiled /_not-found in 1521ms (6910 modules)
 ⨯ Error: ENOENT: no such file or directory, open '/Users/kevin/backups/awsready_20250524/prop-ie-aws-app-PERFECT-WORKING-JUNE13-2025/.next/server/vendor-chunks/@swc.js'
    at __webpack_require__.f.require (.next/server/webpack-runtime.js:201:28)
    at <unknown> (.next/server/webpack-runtime.js:114:40)
    at Array.reduce (<anonymous>)
    at __webpack_require__.e (.next/server/webpack-runtime.js:113:67)
    at Array.map (<anonymous>)
    at __webpack_require__.X (.next/server/webpack-runtime.js:165:22)
    at <unknown> (.next/server/app/_not-found/page.js:957:47)
    at Object.<anonymous> (.next/server/app/_not-found/page.js:960:3) {
  errno: -2,
  code: 'ENOENT',
  syscall: 'open',
  path: '/Users/kevin/backups/awsready_20250524/prop-ie-aws-app-PERFECT-WORKING-JUNE13-2025/.next/server/vendor-chunks/@swc.js'
}
 ⨯ Error: ENOENT: no such file or directory, open '/Users/kevin/backups/awsready_20250524/prop-ie-aws-app-PERFECT-WORKING-JUNE13-2025/.next/server/vendor-chunks/@swc.js'
    at __webpack_require__.f.require (.next/server/webpack-runtime.js:201:28)
    at <unknown> (.next/server/webpack-runtime.js:114:40)
    at Array.reduce (<anonymous>)
    at __webpack_require__.e (.next/server/webpack-runtime.js:113:67)
    at Array.map (<anonymous>)
    at __webpack_require__.X (.next/server/webpack-runtime.js:165:22)
    at <unknown> (.next/server/app/_not-found/page.js:957:47)
    at Object.<anonymous> (.next/server/app/_not-found/page.js:960:3) {
  errno: -2,
  code: 'ENOENT',
  syscall: 'open',
  path: '/Users/kevin/backups/awsready_20250524/prop-ie-aws-app-PERFECT-WORKING-JUNE13-2025/.next/server/vendor-chunks/@swc.js'
}
 GET /_next/static/webpack/1fb769ca96ac64f6.webpack.hot-update.json 500 in 1680ms
 GET /developer/projects/fitzgerald-gardens 500 in 1666ms
 ⚠ Fast Refresh had to perform a full reload due to a runtime error.
 ⨯ Error: ENOENT: no such file or directory, open '/Users/kevin/backups/awsready_20250524/prop-ie-aws-app-PERFECT-WORKING-JUNE13-2025/.next/server/vendor-chunks/@swc.js'
    at __webpack_require__.f.require (.next/server/webpack-runtime.js:201:28)
    at <unknown> (.next/server/webpack-runtime.js:114:40)
    at Array.reduce (<anonymous>)
    at __webpack_require__.e (.next/server/webpack-runtime.js:113:67)
    at Array.map (<anonymous>)
    at __webpack_require__.X (.next/server/webpack-runtime.js:165:22)
    at <unknown> (.next/server/app/_not-found/page.js:957:47)
    at Object.<anonymous> (.next/server/app/_not-found/page.js:960:3) {
  errno: -2,
  code: 'ENOENT',
  syscall: 'open',
  path: '/Users/kevin/backups/awsready_20250524/prop-ie-aws-app-PERFECT-WORKING-JUNE13-2025/.next/server/vendor-chunks/@swc.js'
}
 ⨯ Error: ENOENT: no such file or directory, open '/Users/kevin/backups/awsready_20250524/prop-ie-aws-app-PERFECT-WORKING-JUNE13-2025/.next/server/vendor-chunks/@swc.js'
    at __webpack_require__.f.require (.next/server/webpack-runtime.js:201:28)
    at <unknown> (.next/server/webpack-runtime.js:114:40)
    at Array.reduce (<anonymous>)
    at __webpack_require__.e (.next/server/webpack-runtime.js:113:67)
    at Array.map (<anonymous>)
    at __webpack_require__.X (.next/server/webpack-runtime.js:165:22)
    at <unknown> (.next/server/app/_not-found/page.js:957:47)
    at Object.<anonymous> (.next/server/app/_not-found/page.js:960:3) {
  errno: -2,
  code: 'ENOENT',
  syscall: 'open',
  path: '/Users/kevin/backups/awsready_20250524/prop-ie-aws-app-PERFECT-WORKING-JUNE13-2025/.next/server/vendor-chunks/@swc.js'
}
 ⨯ Error: ENOENT: no such file or directory, open '/Users/kevin/backups/awsready_20250524/prop-ie-aws-app-PERFECT-WORKING-JUNE13-2025/.next/server/vendor-chunks/@swc.js'
    at __webpack_require__.f.require (.next/server/webpack-runtime.js:201:28)
    at <unknown> (.next/server/webpack-runtime.js:114:40)
    at Array.reduce (<anonymous>)
    at __webpack_require__.e (.next/server/webpack-runtime.js:113:67)
    at Array.map (<anonymous>)
    at __webpack_require__.X (.next/server/webpack-runtime.js:165:22)
    at <unknown> (.next/server/app/_not-found/page.js:957:47)
    at Object.<anonymous> (.next/server/app/_not-found/page.js:960:3) {
  errno: -2,
  code: 'ENOENT',
  syscall: 'open',
  path: '/Users/kevin/backups/awsready_20250524/prop-ie-aws-app-PERFECT-WORKING-JUNE13-2025/.next/server/vendor-chunks/@swc.js'
}
 GET /_next/static/chunks/fallback/webpack.js 500 in 50ms
 GET /_next/static/chunks/fallback/main.js 500 in 49ms
 GET /_next/static/chunks/fallback/react-refresh.js 500 in 49ms
 ⨯ Error: ENOENT: no such file or directory, open '/Users/kevin/backups/awsready_20250524/prop-ie-aws-app-PERFECT-WORKING-JUNE13-2025/.next/server/vendor-chunks/@swc.js'
    at __webpack_require__.f.require (.next/server/webpack-runtime.js:201:28)
    at <unknown> (.next/server/webpack-runtime.js:114:40)
    at Array.reduce (<anonymous>)
    at __webpack_require__.e (.next/server/webpack-runtime.js:113:67)
    at Array.map (<anonymous>)
    at __webpack_require__.X (.next/server/webpack-runtime.js:165:22)
    at <unknown> (.next/server/app/_not-found/page.js:957:47)
    at Object.<anonymous> (.next/server/app/_not-found/page.js:960:3) {
  errno: -2,
  code: 'ENOENT',
  syscall: 'open',
  path: '/Users/kevin/backups/awsready_20250524/prop-ie-aws-app-PERFECT-WORKING-JUNE13-2025/.next/server/vendor-chunks/@swc.js'
}
 ⨯ Error: ENOENT: no such file or directory, open '/Users/kevin/backups/awsready_20250524/prop-ie-aws-app-PERFECT-WORKING-JUNE13-2025/.next/server/vendor-chunks/@swc.js'
    at __webpack_require__.f.require (.next/server/webpack-runtime.js:201:28)
    at <unknown> (.next/server/webpack-runtime.js:114:40)
    at Array.reduce (<anonymous>)
    at __webpack_require__.e (.next/server/webpack-runtime.js:113:67)
    at Array.map (<anonymous>)
    at __webpack_require__.X (.next/server/webpack-runtime.js:165:22)
    at <unknown> (.next/server/app/_not-found/page.js:957:47)
    at Object.<anonymous> (.next/server/app/_not-found/page.js:960:3) {
  errno: -2,
  code: 'ENOENT',
  syscall: 'open',
  path: '/Users/kevin/backups/awsready_20250524/prop-ie-aws-app-PERFECT-WORKING-JUNE13-2025/.next/server/vendor-chunks/@swc.js'
}
 GET /_next/static/chunks/fallback/pages/_app.js 500 in 37ms
 GET /_next/static/chunks/fallback/pages/_error.js 500 in 36ms
 ✓ Compiled in 481ms (3090 modules)
 ✓ Compiled in 1043ms (3087 modules)
 ✓ Compiled in 1089ms (3087 modules)
 ✓ Compiled in 475ms (3087 modules)
 ✓ Compiled in 3s (6920 modules)
 ✓ Compiled in 3.7s (6918 modules)
 ✓ Compiled in 1039ms (3086 modules)
 ✓ Compiled in 4.8s (6904 modules)
