
> prop-ie-aws-app@0.1.0 dev
> next dev

   ▲ Next.js 15.3.3
   - Local:        http://localhost:3000
   - Network:      http://192.168.0.44:3000
   - Environments: .env.local, .env
   - Experiments (use with caution):
     · clientTraceMetadata

 ✓ Starting...

   We detected TypeScript in your project and reconfigured your tsconfig.json file for you.
   The following suggested values were added to your tsconfig.json. These values can be changed to fit your project's needs:

   	- include was updated to add '.next/types/**/*.ts'

[@sentry/nextjs] DEPRECATION WARNING: It is recommended renaming your `sentry.client.config.ts` file, or moving its content to `instrumentation-client.ts`. When using Turbopack `sentry.client.config.ts` will no longer work. Read more about the `instrumentation-client.ts` file: https://nextjs.org/docs/app/api-reference/file-conventions/instrumentation-client
 ✓ Ready in 2.9s
 ○ Compiling /api/health ...
 ✓ Compiled /api/health in 2.8s (1399 modules)
 GET /api/health 200 in 3174ms
 ✓ Compiled /api/users in 289ms (1404 modules)
 ⨯ Error: Cannot find module './chunks/vendor-chunks/@opentelemetry.js'
Require stack:
- /Users/kevin/backups/awsready_20250524/prop-ie-aws-app-PERFECT-WORKING-JUNE13-2025/.next/server/webpack-runtime.js
- /Users/kevin/backups/awsready_20250524/prop-ie-aws-app-PERFECT-WORKING-JUNE13-2025/.next/server/app/api/users/route.js
- /Users/kevin/backups/awsready_20250524/prop-ie-aws-app-PERFECT-WORKING-JUNE13-2025/node_modules/next/dist/server/require.js
- /Users/kevin/backups/awsready_20250524/prop-ie-aws-app-PERFECT-WORKING-JUNE13-2025/node_modules/next/dist/server/load-components.js
- /Users/kevin/backups/awsready_20250524/prop-ie-aws-app-PERFECT-WORKING-JUNE13-2025/node_modules/next/dist/build/utils.js
- /Users/kevin/backups/awsready_20250524/prop-ie-aws-app-PERFECT-WORKING-JUNE13-2025/node_modules/next/dist/build/swc/options.js
- /Users/kevin/backups/awsready_20250524/prop-ie-aws-app-PERFECT-WORKING-JUNE13-2025/node_modules/next/dist/build/swc/index.js
- /Users/kevin/backups/awsready_20250524/prop-ie-aws-app-PERFECT-WORKING-JUNE13-2025/node_modules/next/dist/build/analysis/parse-module.js
- /Users/kevin/backups/awsready_20250524/prop-ie-aws-app-PERFECT-WORKING-JUNE13-2025/node_modules/next/dist/build/analysis/get-page-static-info.js
- /Users/kevin/backups/awsready_20250524/prop-ie-aws-app-PERFECT-WORKING-JUNE13-2025/node_modules/next/dist/server/lib/router-utils/setup-dev-bundler.js
- /Users/kevin/backups/awsready_20250524/prop-ie-aws-app-PERFECT-WORKING-JUNE13-2025/node_modules/next/dist/server/lib/router-server.js
- /Users/kevin/backups/awsready_20250524/prop-ie-aws-app-PERFECT-WORKING-JUNE13-2025/node_modules/next/dist/server/lib/start-server.js
    at t.f.require (webpack://prop-ie-aws-app/webpack/runtime/require%20chunk%20loading:29:0)
    at <unknown> (webpack://prop-ie-aws-app/webpack/runtime/ensure%20chunk:6:0)
    at Array.reduce (<anonymous>)
    at t.e (webpack://prop-ie-aws-app/webpack/runtime/ensure%20chunk:5:0)
    at Array.map (<anonymous>)
    at t.X (webpack://prop-ie-aws-app/webpack/runtime/startup%20entrypoint:5:0)
    at <unknown> (.next/server/app/api/users/route.js:522:47)
    at Object.<anonymous> (.next/server/app/api/users/route.js:525:3)
  27 | 	if(!installedChunks[chunkId]) {
  28 | 		if(7311 != chunkId) {
> 29 | 			installChunk(require("./chunks/" + __webpack_require__.u(chunkId)));
  30 | 		} else installedChunks[chunkId] = 1;
  31 | 	}
  32 | }; {
  code: 'MODULE_NOT_FOUND',
  requireStack: [Array],
  page: '/api/users'
}
 ○ Compiling /_error ...
 ✓ Compiled /_error in 1045ms (1989 modules)
 ⨯ Error: Cannot find module './chunks/vendor-chunks/next.js'
Require stack:
- /Users/kevin/backups/awsready_20250524/prop-ie-aws-app-PERFECT-WORKING-JUNE13-2025/.next/server/webpack-runtime.js
- /Users/kevin/backups/awsready_20250524/prop-ie-aws-app-PERFECT-WORKING-JUNE13-2025/.next/server/pages/_document.js
- /Users/kevin/backups/awsready_20250524/prop-ie-aws-app-PERFECT-WORKING-JUNE13-2025/node_modules/next/dist/server/require.js
- /Users/kevin/backups/awsready_20250524/prop-ie-aws-app-PERFECT-WORKING-JUNE13-2025/node_modules/next/dist/server/load-components.js
- /Users/kevin/backups/awsready_20250524/prop-ie-aws-app-PERFECT-WORKING-JUNE13-2025/node_modules/next/dist/build/utils.js
- /Users/kevin/backups/awsready_20250524/prop-ie-aws-app-PERFECT-WORKING-JUNE13-2025/node_modules/next/dist/build/swc/options.js
- /Users/kevin/backups/awsready_20250524/prop-ie-aws-app-PERFECT-WORKING-JUNE13-2025/node_modules/next/dist/build/swc/index.js
- /Users/kevin/backups/awsready_20250524/prop-ie-aws-app-PERFECT-WORKING-JUNE13-2025/node_modules/next/dist/build/analysis/parse-module.js
- /Users/kevin/backups/awsready_20250524/prop-ie-aws-app-PERFECT-WORKING-JUNE13-2025/node_modules/next/dist/build/analysis/get-page-static-info.js
- /Users/kevin/backups/awsready_20250524/prop-ie-aws-app-PERFECT-WORKING-JUNE13-2025/node_modules/next/dist/server/lib/router-utils/setup-dev-bundler.js
- /Users/kevin/backups/awsready_20250524/prop-ie-aws-app-PERFECT-WORKING-JUNE13-2025/node_modules/next/dist/server/lib/router-server.js
- /Users/kevin/backups/awsready_20250524/prop-ie-aws-app-PERFECT-WORKING-JUNE13-2025/node_modules/next/dist/server/lib/start-server.js
    at t.f.require (webpack://prop-ie-aws-app/webpack/runtime/require%20chunk%20loading:29:0)
    at <unknown> (webpack://prop-ie-aws-app/webpack/runtime/ensure%20chunk:6:0)
    at Array.reduce (<anonymous>)
    at t.e (webpack://prop-ie-aws-app/webpack/runtime/ensure%20chunk:5:0)
    at Array.map (<anonymous>)
    at t.X (webpack://prop-ie-aws-app/webpack/runtime/startup%20entrypoint:5:0)
    at <unknown> (.next/server/pages/_document.js:73:47)
    at Object.<anonymous> (.next/server/pages/_document.js:76:3)
  27 | 	if(!installedChunks[chunkId]) {
  28 | 		if(7311 != chunkId) {
> 29 | 			installChunk(require("./chunks/" + __webpack_require__.u(chunkId)));
  30 | 		} else installedChunks[chunkId] = 1;
  31 | 	}
  32 | }; {
  code: 'MODULE_NOT_FOUND',
  requireStack: [Array]
}
[@sentry/nextjs] DEPRECATION WARNING: It is recommended renaming your `sentry.client.config.ts` file, or moving its content to `instrumentation-client.ts`. When using Turbopack `sentry.client.config.ts` will no longer work. Read more about the `instrumentation-client.ts` file: https://nextjs.org/docs/app/api-reference/file-conventions/instrumentation-client
 GET /api/users 500 in 3785ms
 ✓ Compiled in 217ms (1128 modules)
[?25h
