[2025-06-18T19:41:17.055Z] INFO: [2025-06-18T19:41:17.052Z] 🔧 Enterprise Configuration Updater Initialized
[2025-06-18T19:41:17.055Z] INFO: [2025-06-18T19:41:17.055Z] 
🔧 ENTERPRISE APPLICATION CONFIGURATION UPDATE - PHASE 7
[2025-06-18T19:41:17.056Z] INFO: [2025-06-18T19:41:17.056Z] ===========================================================
[2025-06-18T19:41:17.057Z] INFO: [2025-06-18T19:41:17.056Z] Update ID: config_update_2025-06-18T19-41-17-051Z
[2025-06-18T19:41:17.057Z] INFO: [2025-06-18T19:41:17.057Z] Converting application from SQLite to PostgreSQL configuration
[2025-06-18T19:41:17.060Z] INFO: [2025-06-18T19:41:17.060Z] ✓ Backup created: database.config.ts
[2025-06-18T19:41:17.061Z] INFO: [2025-06-18T19:41:17.061Z] ✓ Updated database configuration
[2025-06-18T19:41:17.064Z] INFO: [2025-06-18T19:41:17.063Z] ✓ Backup created: .env.local
[2025-06-18T19:41:17.065Z] INFO: [2025-06-18T19:41:17.064Z] ✓ Updated environment configuration
[2025-06-18T19:41:17.065Z] INFO: [2025-06-18T19:41:17.065Z] ✓ Backup created: next.config.js
[2025-06-18T19:41:17.066Z] INFO: [2025-06-18T19:41:17.066Z] ℹ️  Next.js configuration requires no PostgreSQL-specific changes
[2025-06-18T19:41:17.067Z] INFO: [2025-06-18T19:41:17.067Z] ✓ Backup created: package.json
[2025-06-18T19:41:17.068Z] INFO: [2025-06-18T19:41:17.068Z] ✓ Updated package.json scripts
[2025-06-18T19:41:17.069Z] INFO: [2025-06-18T19:41:17.069Z] ✓ Created PostgreSQL connection test script
[2025-06-18T19:41:17.070Z] INFO: [2025-06-18T19:41:17.070Z] 📋 Configuration update report saved: /Users/kevin/backups/awsready_20250524/prop-ie-aws-app-PERFECT-WORKING-JUNE13-2025/database/reports/config_update_report_config_update_2025-06-18T19-41-17-051Z.json
[2025-06-18T19:41:17.071Z] INFO: [2025-06-18T19:41:17.071Z] 
🎉 CONFIGURATION UPDATE COMPLETED SUCCESSFULLY
[2025-06-18T19:41:17.073Z] INFO: [2025-06-18T19:41:17.073Z] ==============================================
[2025-06-18T19:41:17.075Z] INFO: [2025-06-18T19:41:17.075Z] ✅ 4 configuration files updated
[2025-06-18T19:41:17.076Z] INFO: [2025-06-18T19:41:17.076Z] ✅ 4 backup files created
[2025-06-18T19:41:17.077Z] INFO: [2025-06-18T19:41:17.077Z] ✅ Application ready for PostgreSQL
[2025-06-18T19:41:17.078Z] INFO: [2025-06-18T19:41:17.078Z] 
Your application is now configured to use PostgreSQL!
[2025-06-18T19:41:17.079Z] INFO: [2025-06-18T19:41:17.079Z] 
Next step: Test the application with the new database configuration
[2025-06-18T19:41:17.081Z] INFO: [2025-06-18T19:41:17.081Z] 
Test commands:
[2025-06-18T19:41:17.082Z] INFO: [2025-06-18T19:41:17.082Z]   npm run db:connect-postgresql  # Test database connection
[2025-06-18T19:41:17.083Z] INFO: [2025-06-18T19:41:17.083Z]   npm run dev                    # Start application with PostgreSQL
[2025-06-18T19:41:17.085Z] INFO: 
✅ Configuration update successful!
