[2025-06-18T19:35:52.403Z] INFO: [2025-06-18T19:35:52.401Z] 🏢 Enterprise Migration Orchestrator Initialized
[2025-06-18T19:35:52.403Z] INFO: [2025-06-18T19:35:52.403Z] 
🏢 ENTERPRISE DATABASE MIGRATION PREPARATION
[2025-06-18T19:35:52.404Z] INFO: [2025-06-18T19:35:52.404Z] ============================================
[2025-06-18T19:35:52.405Z] INFO: [2025-06-18T19:35:52.405Z] Migration ID: migration_2025-06-18T19-35-52-400Z
[2025-06-18T19:35:52.405Z] INFO: [2025-06-18T19:35:52.405Z] Start Time: 2025-06-18T19:35:52.401Z
[2025-06-18T19:35:52.407Z] INFO: [2025-06-18T19:35:52.407Z] 📍 CHECKPOINT: safety_checks - Running pre-migration safety verification
[2025-06-18T19:35:52.408Z] INFO: [2025-06-18T19:35:52.408Z] 
🛡️  PHASE 1: SAFETY CHECKS
[2025-06-18T19:35:52.409Z] INFO: [2025-06-18T19:35:52.409Z] ===========================
[2025-06-18T19:35:52.410Z] INFO: [2025-06-18T19:35:52.410Z] ✓ SQLite database is accessible
[2025-06-18T19:35:52.411Z] INFO: [2025-06-18T19:35:52.411Z] ✓ PostgreSQL configuration found
[2025-06-18T19:35:52.412Z] INFO: [2025-06-18T19:35:52.412Z] ✓ Database size: 0.02 MB
[2025-06-18T19:35:52.412Z] INFO: [2025-06-18T19:35:52.412Z] ✓ Estimated space needed: 0.20 MB
[2025-06-18T19:35:52.413Z] INFO: [2025-06-18T19:35:52.413Z] ✅ Phase 1 completed successfully
[2025-06-18T19:35:52.414Z] INFO: [2025-06-18T19:35:52.414Z] 📍 CHECKPOINT: backup_creation - Creating comprehensive safety backups
[2025-06-18T19:35:52.415Z] INFO: [2025-06-18T19:35:52.415Z] 
💾 PHASE 2: BACKUP CREATION
[2025-06-18T19:35:52.416Z] INFO: [2025-06-18T19:35:52.415Z] ============================
[2025-06-18T19:35:52.416Z] INFO: 
🛡️  ENTERPRISE SAFETY BACKUP STARTING
[2025-06-18T19:35:52.417Z] INFO: =====================================
[2025-06-18T19:35:52.418Z] INFO: 🔍 Verifying database integrity...
[2025-06-18T19:35:52.419Z] INFO: ✓ Database integrity verified
[2025-06-18T19:35:52.420Z] INFO: 📋 Creating file backup...
[2025-06-18T19:35:52.421Z] INFO: ✓ File backup created: /Users/kevin/backups/awsready_20250524/prop-ie-aws-app-PERFECT-WORKING-JUNE13-2025/database/backups/dev_backup_2025-06-18T19-35-52-416Z.db
[2025-06-18T19:35:52.421Z] INFO: 📊 Exporting data to CSV...
[2025-06-18T19:35:52.423Z] INFO: ✓ CSV export created: /Users/kevin/backups/awsready_20250524/prop-ie-aws-app-PERFECT-WORKING-JUNE13-2025/database/backups/users_export_2025-06-18T19-35-52-416Z.csv
[2025-06-18T19:35:52.424Z] INFO: ✓ Exported 5 user records
[2025-06-18T19:35:52.425Z] INFO: 🔐 Creating data checksum...
[2025-06-18T19:35:52.427Z] INFO: ✓ Data checksum created: ca6326b9673485546acac49b3bdc4e13f3f043d0cf3f9c595514d4ea705e220d
[2025-06-18T19:35:52.427Z] INFO: ✓ Checksum file: /Users/kevin/backups/awsready_20250524/prop-ie-aws-app-PERFECT-WORKING-JUNE13-2025/database/backups/data_checksum_2025-06-18T19-35-52-416Z.json
[2025-06-18T19:35:52.428Z] INFO: 
📋 BACKUP REPORT
[2025-06-18T19:35:52.429Z] INFO: ================
[2025-06-18T19:35:52.430Z] INFO: Original DB: /Users/kevin/backups/awsready_20250524/prop-ie-aws-app-PERFECT-WORKING-JUNE13-2025/dev.db
[2025-06-18T19:35:52.430Z] INFO: Backup File: /Users/kevin/backups/awsready_20250524/prop-ie-aws-app-PERFECT-WORKING-JUNE13-2025/database/backups/dev_backup_2025-06-18T19-35-52-416Z.db
[2025-06-18T19:35:52.431Z] INFO: CSV Export: /Users/kevin/backups/awsready_20250524/prop-ie-aws-app-PERFECT-WORKING-JUNE13-2025/database/backups/users_export_2025-06-18T19-35-52-416Z.csv
[2025-06-18T19:35:52.432Z] INFO: Records: 5
[2025-06-18T19:35:52.432Z] INFO: Checksum: ca6326b9673485546acac49b3bdc4e13f3f043d0cf3f9c595514d4ea705e220d
[2025-06-18T19:35:52.434Z] INFO: Report: /Users/kevin/backups/awsready_20250524/prop-ie-aws-app-PERFECT-WORKING-JUNE13-2025/database/backups/backup_report_2025-06-18T19-35-52-416Z.json
[2025-06-18T19:35:52.434Z] INFO: 
✓ BACKUP COMPLETED SUCCESSFULLY - Ready for PostgreSQL setup
[2025-06-18T19:35:52.436Z] INFO: [2025-06-18T19:35:52.436Z] ✅ Phase 2 completed successfully
[2025-06-18T19:35:52.437Z] INFO: [2025-06-18T19:35:52.437Z] 📍 CHECKPOINT: postgresql_testing - Verifying PostgreSQL connection and capabilities
[2025-06-18T19:35:52.439Z] INFO: [2025-06-18T19:35:52.439Z] 
🔗 PHASE 3: POSTGRESQL TESTING
[2025-06-18T19:35:52.440Z] INFO: [2025-06-18T19:35:52.440Z] ===============================
[2025-06-18T19:35:52.441Z] INFO: ✓ PostgreSQL configuration loaded
[2025-06-18T19:35:52.442Z] INFO: 
🏢 ENTERPRISE POSTGRESQL TESTING
[2025-06-18T19:35:52.444Z] INFO: =================================
[2025-06-18T19:35:52.445Z] INFO: Target: localhost:5432/propie_dev
[2025-06-18T19:35:52.447Z] INFO: User: postgres
[2025-06-18T19:35:52.449Z] INFO: 
🧪 Testing: Basic Connection
[2025-06-18T19:35:52.462Z] INFO: ✓ Basic Connection - PASSED
[2025-06-18T19:35:52.462Z] INFO: 
🧪 Testing: Database Permissions
[2025-06-18T19:35:52.477Z] INFO: ✓ Database Permissions - PASSED
[2025-06-18T19:35:52.477Z] INFO: 
🧪 Testing: Required Extensions
[2025-06-18T19:35:52.492Z] INFO: ✓ Required Extensions - PASSED
[2025-06-18T19:35:52.492Z] INFO: 
🧪 Testing: Connection Pooling
[2025-06-18T19:35:52.499Z] INFO: ✓ Connection Pooling - PASSED
[2025-06-18T19:35:52.499Z] INFO: 
🧪 Testing: Performance Check
[2025-06-18T19:35:52.510Z] INFO: ✓ Performance Check - PASSED
[2025-06-18T19:35:52.513Z] INFO: 
📋 POSTGRESQL TEST REPORT
[2025-06-18T19:35:52.515Z] INFO: =========================
[2025-06-18T19:35:52.516Z] INFO: Overall Status: all_tests_passed
[2025-06-18T19:35:52.518Z] INFO: Tests Passed: 5/5
[2025-06-18T19:35:52.520Z] INFO: 
Detailed Report: /Users/kevin/backups/awsready_20250524/prop-ie-aws-app-PERFECT-WORKING-JUNE13-2025/database/backups/postgresql_test_2025-06-18T19-35-52-513Z.json
[2025-06-18T19:35:52.522Z] INFO: 
🎉 ALL TESTS PASSED - PostgreSQL ready for enterprise migration!
[2025-06-18T19:35:52.524Z] INFO: [2025-06-18T19:35:52.524Z] ✅ Phase 3 completed successfully
[2025-06-18T19:35:52.525Z] INFO: [2025-06-18T19:35:52.525Z] 📍 CHECKPOINT: schema_creation - Creating PostgreSQL enterprise schema
[2025-06-18T19:35:52.527Z] INFO: [2025-06-18T19:35:52.527Z] 
🏗️  PHASE 4: SCHEMA CREATION
[2025-06-18T19:35:52.528Z] INFO: [2025-06-18T19:35:52.528Z] ============================
[2025-06-18T19:35:52.532Z] INFO: [2025-06-18T19:35:52.532Z] 📄 Executing enterprise schema creation...
[2025-06-18T19:35:52.656Z] INFO: [2025-06-18T19:35:52.656Z] ✓ Enterprise schema created successfully
[2025-06-18T19:35:52.657Z] INFO: [2025-06-18T19:35:52.657Z] ✓ Created tables: user_audit_log, users
[2025-06-18T19:35:52.661Z] INFO: [2025-06-18T19:35:52.661Z] ✅ Phase 4 completed successfully
[2025-06-18T19:35:52.663Z] INFO: [2025-06-18T19:35:52.663Z] 📍 CHECKPOINT: migration_validation - Final validation before data migration
[2025-06-18T19:35:52.665Z] INFO: [2025-06-18T19:35:52.665Z] 
✅ PHASE 5: MIGRATION VALIDATION
[2025-06-18T19:35:52.667Z] INFO: [2025-06-18T19:35:52.667Z] =================================
[2025-06-18T19:35:52.679Z] INFO: [2025-06-18T19:35:52.679Z] ✓ PostgreSQL database is ready for data migration
[2025-06-18T19:35:52.679Z] INFO: [2025-06-18T19:35:52.679Z] ✅ Phase 5 completed successfully
[2025-06-18T19:35:52.682Z] INFO: [2025-06-18T19:35:52.682Z] 
🎉 SYSTEM IS READY FOR DATA MIGRATION
[2025-06-18T19:35:52.683Z] INFO: [2025-06-18T19:35:52.683Z] =====================================
[2025-06-18T19:35:52.686Z] INFO: [2025-06-18T19:35:52.686Z] All safety checks passed. You may now proceed with:
[2025-06-18T19:35:52.687Z] INFO: [2025-06-18T19:35:52.687Z] 1. Data migration (Phase 6)
[2025-06-18T19:35:52.688Z] INFO: [2025-06-18T19:35:52.688Z] 2. Application configuration update
[2025-06-18T19:35:52.690Z] INFO: [2025-06-18T19:35:52.690Z] 3. Production cutover
[2025-06-18T19:35:52.692Z] INFO: [2025-06-18T19:35:52.692Z] 
📋 Migration report saved: /Users/kevin/backups/awsready_20250524/prop-ie-aws-app-PERFECT-WORKING-JUNE13-2025/database/reports/migration_report_migration_2025-06-18T19-35-52-400Z.json
[2025-06-18T19:35:52.696Z] INFO: [2025-06-18T19:35:52.696Z] 
🎉 MIGRATION PREPARATION COMPLETED SUCCESSFULLY
[2025-06-18T19:35:52.698Z] INFO: [2025-06-18T19:35:52.698Z] ===============================================
[2025-06-18T19:35:52.701Z] INFO: [2025-06-18T19:35:52.701Z] Your system is now ready for enterprise PostgreSQL migration!
[2025-06-18T19:35:52.703Z] INFO: 
✅ Migration preparation successful!
