[2025-06-18T19:34:19.203Z] INFO: [2025-06-18T19:34:19.201Z] 🏢 Enterprise Migration Orchestrator Initialized
[2025-06-18T19:34:19.203Z] INFO: [2025-06-18T19:34:19.203Z] 
🏢 ENTERPRISE DATABASE MIGRATION PREPARATION
[2025-06-18T19:34:19.204Z] INFO: [2025-06-18T19:34:19.204Z] ============================================
[2025-06-18T19:34:19.204Z] INFO: [2025-06-18T19:34:19.204Z] Migration ID: migration_2025-06-18T19-34-19-200Z
[2025-06-18T19:34:19.205Z] INFO: [2025-06-18T19:34:19.205Z] Start Time: 2025-06-18T19:34:19.201Z
[2025-06-18T19:34:19.205Z] INFO: [2025-06-18T19:34:19.205Z] 📍 CHECKPOINT: safety_checks - Running pre-migration safety verification
[2025-06-18T19:34:19.206Z] INFO: [2025-06-18T19:34:19.206Z] 
🛡️  PHASE 1: SAFETY CHECKS
[2025-06-18T19:34:19.206Z] INFO: [2025-06-18T19:34:19.206Z] ===========================
[2025-06-18T19:34:19.207Z] INFO: [2025-06-18T19:34:19.207Z] ✓ SQLite database is accessible
[2025-06-18T19:34:19.208Z] INFO: [2025-06-18T19:34:19.208Z] ✓ PostgreSQL configuration found
[2025-06-18T19:34:19.208Z] INFO: [2025-06-18T19:34:19.208Z] ✓ Database size: 0.02 MB
[2025-06-18T19:34:19.209Z] INFO: [2025-06-18T19:34:19.209Z] ✓ Estimated space needed: 0.20 MB
[2025-06-18T19:34:19.209Z] INFO: [2025-06-18T19:34:19.209Z] ✅ Phase 1 completed successfully
[2025-06-18T19:34:19.210Z] INFO: [2025-06-18T19:34:19.210Z] 📍 CHECKPOINT: backup_creation - Creating comprehensive safety backups
[2025-06-18T19:34:19.210Z] INFO: [2025-06-18T19:34:19.210Z] 
💾 PHASE 2: BACKUP CREATION
[2025-06-18T19:34:19.210Z] INFO: [2025-06-18T19:34:19.210Z] ============================
[2025-06-18T19:34:19.211Z] INFO: 
🛡️  ENTERPRISE SAFETY BACKUP STARTING
[2025-06-18T19:34:19.211Z] INFO: =====================================
[2025-06-18T19:34:19.212Z] INFO: 🔍 Verifying database integrity...
[2025-06-18T19:34:19.213Z] INFO: ✓ Database integrity verified
[2025-06-18T19:34:19.213Z] INFO: 📋 Creating file backup...
[2025-06-18T19:34:19.214Z] INFO: ✓ File backup created: /Users/kevin/backups/awsready_20250524/prop-ie-aws-app-PERFECT-WORKING-JUNE13-2025/database/backups/dev_backup_2025-06-18T19-34-19-211Z.db
[2025-06-18T19:34:19.215Z] INFO: 📊 Exporting data to CSV...
[2025-06-18T19:34:19.215Z] INFO: ✓ CSV export created: /Users/kevin/backups/awsready_20250524/prop-ie-aws-app-PERFECT-WORKING-JUNE13-2025/database/backups/users_export_2025-06-18T19-34-19-211Z.csv
[2025-06-18T19:34:19.216Z] INFO: ✓ Exported 5 user records
[2025-06-18T19:34:19.216Z] INFO: 🔐 Creating data checksum...
[2025-06-18T19:34:19.217Z] INFO: ✓ Data checksum created: ca6326b9673485546acac49b3bdc4e13f3f043d0cf3f9c595514d4ea705e220d
[2025-06-18T19:34:19.218Z] INFO: ✓ Checksum file: /Users/kevin/backups/awsready_20250524/prop-ie-aws-app-PERFECT-WORKING-JUNE13-2025/database/backups/data_checksum_2025-06-18T19-34-19-211Z.json
[2025-06-18T19:34:19.218Z] INFO: 
📋 BACKUP REPORT
[2025-06-18T19:34:19.219Z] INFO: ================
[2025-06-18T19:34:19.219Z] INFO: Original DB: /Users/kevin/backups/awsready_20250524/prop-ie-aws-app-PERFECT-WORKING-JUNE13-2025/dev.db
[2025-06-18T19:34:19.220Z] INFO: Backup File: /Users/kevin/backups/awsready_20250524/prop-ie-aws-app-PERFECT-WORKING-JUNE13-2025/database/backups/dev_backup_2025-06-18T19-34-19-211Z.db
[2025-06-18T19:34:19.220Z] INFO: CSV Export: /Users/kevin/backups/awsready_20250524/prop-ie-aws-app-PERFECT-WORKING-JUNE13-2025/database/backups/users_export_2025-06-18T19-34-19-211Z.csv
[2025-06-18T19:34:19.221Z] INFO: Records: 5
[2025-06-18T19:34:19.221Z] INFO: Checksum: ca6326b9673485546acac49b3bdc4e13f3f043d0cf3f9c595514d4ea705e220d
[2025-06-18T19:34:19.222Z] INFO: Report: /Users/kevin/backups/awsready_20250524/prop-ie-aws-app-PERFECT-WORKING-JUNE13-2025/database/backups/backup_report_2025-06-18T19-34-19-211Z.json
[2025-06-18T19:34:19.222Z] INFO: 
✓ BACKUP COMPLETED SUCCESSFULLY - Ready for PostgreSQL setup
[2025-06-18T19:34:19.222Z] INFO: [2025-06-18T19:34:19.222Z] ✅ Phase 2 completed successfully
[2025-06-18T19:34:19.223Z] INFO: [2025-06-18T19:34:19.223Z] 📍 CHECKPOINT: postgresql_testing - Verifying PostgreSQL connection and capabilities
[2025-06-18T19:34:19.224Z] INFO: [2025-06-18T19:34:19.224Z] 
🔗 PHASE 3: POSTGRESQL TESTING
[2025-06-18T19:34:19.224Z] INFO: [2025-06-18T19:34:19.224Z] ===============================
[2025-06-18T19:34:19.226Z] INFO: ✓ PostgreSQL configuration loaded
[2025-06-18T19:34:19.226Z] INFO: 
🏢 ENTERPRISE POSTGRESQL TESTING
[2025-06-18T19:34:19.227Z] INFO: =================================
[2025-06-18T19:34:19.227Z] INFO: Target: localhost:5432/propie_dev
[2025-06-18T19:34:19.228Z] INFO: User: postgres
[2025-06-18T19:34:19.229Z] INFO: 
🧪 Testing: Basic Connection
[2025-06-18T19:34:19.247Z] INFO: ✓ Basic Connection - PASSED
[2025-06-18T19:34:19.247Z] INFO: 
🧪 Testing: Database Permissions
[2025-06-18T19:34:19.259Z] INFO: ✓ Database Permissions - PASSED
[2025-06-18T19:34:19.259Z] INFO: 
🧪 Testing: Required Extensions
[2025-06-18T19:34:19.273Z] INFO: ✓ Required Extensions - PASSED
[2025-06-18T19:34:19.273Z] INFO: 
🧪 Testing: Connection Pooling
[2025-06-18T19:34:19.280Z] INFO: ✓ Connection Pooling - PASSED
[2025-06-18T19:34:19.280Z] INFO: 
🧪 Testing: Performance Check
[2025-06-18T19:34:19.289Z] INFO: ✓ Performance Check - PASSED
[2025-06-18T19:34:19.289Z] INFO: 
📋 POSTGRESQL TEST REPORT
[2025-06-18T19:34:19.290Z] INFO: =========================
[2025-06-18T19:34:19.291Z] INFO: Overall Status: all_tests_passed
[2025-06-18T19:34:19.292Z] INFO: Tests Passed: 5/5
[2025-06-18T19:34:19.293Z] INFO: 
Detailed Report: /Users/kevin/backups/awsready_20250524/prop-ie-aws-app-PERFECT-WORKING-JUNE13-2025/database/backups/postgresql_test_2025-06-18T19-34-19-289Z.json
[2025-06-18T19:34:19.294Z] INFO: 
🎉 ALL TESTS PASSED - PostgreSQL ready for enterprise migration!
[2025-06-18T19:34:19.295Z] INFO: [2025-06-18T19:34:19.295Z] ✅ Phase 3 completed successfully
[2025-06-18T19:34:19.296Z] INFO: [2025-06-18T19:34:19.296Z] 📍 CHECKPOINT: schema_creation - Creating PostgreSQL enterprise schema
[2025-06-18T19:34:19.297Z] INFO: [2025-06-18T19:34:19.297Z] 
🏗️  PHASE 4: SCHEMA CREATION
[2025-06-18T19:34:19.298Z] INFO: [2025-06-18T19:34:19.298Z] ============================
[2025-06-18T19:34:19.300Z] INFO: [2025-06-18T19:34:19.300Z] 📄 Executing enterprise schema creation...
[2025-06-18T19:34:19.373Z] INFO: [2025-06-18T19:34:19.373Z] ❌ ERROR in schema_creation: role "admin_role" does not exist
[2025-06-18T19:34:19.373Z] INFO: [2025-06-18T19:34:19.373Z] 
💥 MIGRATION PREPARATION FAILED
[2025-06-18T19:34:19.376Z] INFO: [2025-06-18T19:34:19.376Z] ===============================
[2025-06-18T19:34:19.378Z] INFO: [2025-06-18T19:34:19.378Z] Error: role "admin_role" does not exist
[2025-06-18T19:34:19.381Z] INFO: [2025-06-18T19:34:19.381Z] All operations were non-destructive. Your SQLite database is untouched.
[2025-06-18T19:34:19.384Z] ERROR: 
❌ Migration preparation failed: role "admin_role" does not exist
