[2025-06-18T19:35:10.558Z] INFO: [2025-06-18T19:35:10.556Z] 🏢 Enterprise Migration Orchestrator Initialized
[2025-06-18T19:35:10.559Z] INFO: [2025-06-18T19:35:10.559Z] 
🏢 ENTERPRISE DATABASE MIGRATION PREPARATION
[2025-06-18T19:35:10.560Z] INFO: [2025-06-18T19:35:10.560Z] ============================================
[2025-06-18T19:35:10.561Z] INFO: [2025-06-18T19:35:10.561Z] Migration ID: migration_2025-06-18T19-35-10-556Z
[2025-06-18T19:35:10.563Z] INFO: [2025-06-18T19:35:10.563Z] Start Time: 2025-06-18T19:35:10.556Z
[2025-06-18T19:35:10.565Z] INFO: [2025-06-18T19:35:10.565Z] 📍 CHECKPOINT: safety_checks - Running pre-migration safety verification
[2025-06-18T19:35:10.565Z] INFO: [2025-06-18T19:35:10.565Z] 
🛡️  PHASE 1: SAFETY CHECKS
[2025-06-18T19:35:10.566Z] INFO: [2025-06-18T19:35:10.566Z] ===========================
[2025-06-18T19:35:10.568Z] INFO: [2025-06-18T19:35:10.568Z] ✓ SQLite database is accessible
[2025-06-18T19:35:10.569Z] INFO: [2025-06-18T19:35:10.569Z] ✓ PostgreSQL configuration found
[2025-06-18T19:35:10.570Z] INFO: [2025-06-18T19:35:10.570Z] ✓ Database size: 0.02 MB
[2025-06-18T19:35:10.571Z] INFO: [2025-06-18T19:35:10.571Z] ✓ Estimated space needed: 0.20 MB
[2025-06-18T19:35:10.572Z] INFO: [2025-06-18T19:35:10.572Z] ✅ Phase 1 completed successfully
[2025-06-18T19:35:10.574Z] INFO: [2025-06-18T19:35:10.574Z] 📍 CHECKPOINT: backup_creation - Creating comprehensive safety backups
[2025-06-18T19:35:10.575Z] INFO: [2025-06-18T19:35:10.575Z] 
💾 PHASE 2: BACKUP CREATION
[2025-06-18T19:35:10.576Z] INFO: [2025-06-18T19:35:10.576Z] ============================
[2025-06-18T19:35:10.577Z] INFO: 
🛡️  ENTERPRISE SAFETY BACKUP STARTING
[2025-06-18T19:35:10.578Z] INFO: =====================================
[2025-06-18T19:35:10.579Z] INFO: 🔍 Verifying database integrity...
[2025-06-18T19:35:10.580Z] INFO: ✓ Database integrity verified
[2025-06-18T19:35:10.581Z] INFO: 📋 Creating file backup...
[2025-06-18T19:35:10.582Z] INFO: ✓ File backup created: /Users/kevin/backups/awsready_20250524/prop-ie-aws-app-PERFECT-WORKING-JUNE13-2025/database/backups/dev_backup_2025-06-18T19-35-10-577Z.db
[2025-06-18T19:35:10.583Z] INFO: 📊 Exporting data to CSV...
[2025-06-18T19:35:10.586Z] INFO: ✓ CSV export created: /Users/kevin/backups/awsready_20250524/prop-ie-aws-app-PERFECT-WORKING-JUNE13-2025/database/backups/users_export_2025-06-18T19-35-10-577Z.csv
[2025-06-18T19:35:10.587Z] INFO: ✓ Exported 5 user records
[2025-06-18T19:35:10.588Z] INFO: 🔐 Creating data checksum...
[2025-06-18T19:35:10.590Z] INFO: ✓ Data checksum created: ca6326b9673485546acac49b3bdc4e13f3f043d0cf3f9c595514d4ea705e220d
[2025-06-18T19:35:10.591Z] INFO: ✓ Checksum file: /Users/kevin/backups/awsready_20250524/prop-ie-aws-app-PERFECT-WORKING-JUNE13-2025/database/backups/data_checksum_2025-06-18T19-35-10-577Z.json
[2025-06-18T19:35:10.593Z] INFO: 
📋 BACKUP REPORT
[2025-06-18T19:35:10.594Z] INFO: ================
[2025-06-18T19:35:10.595Z] INFO: Original DB: /Users/kevin/backups/awsready_20250524/prop-ie-aws-app-PERFECT-WORKING-JUNE13-2025/dev.db
[2025-06-18T19:35:10.596Z] INFO: Backup File: /Users/kevin/backups/awsready_20250524/prop-ie-aws-app-PERFECT-WORKING-JUNE13-2025/database/backups/dev_backup_2025-06-18T19-35-10-577Z.db
[2025-06-18T19:35:10.598Z] INFO: CSV Export: /Users/kevin/backups/awsready_20250524/prop-ie-aws-app-PERFECT-WORKING-JUNE13-2025/database/backups/users_export_2025-06-18T19-35-10-577Z.csv
[2025-06-18T19:35:10.599Z] INFO: Records: 5
[2025-06-18T19:35:10.600Z] INFO: Checksum: ca6326b9673485546acac49b3bdc4e13f3f043d0cf3f9c595514d4ea705e220d
[2025-06-18T19:35:10.601Z] INFO: Report: /Users/kevin/backups/awsready_20250524/prop-ie-aws-app-PERFECT-WORKING-JUNE13-2025/database/backups/backup_report_2025-06-18T19-35-10-577Z.json
[2025-06-18T19:35:10.603Z] INFO: 
✓ BACKUP COMPLETED SUCCESSFULLY - Ready for PostgreSQL setup
[2025-06-18T19:35:10.604Z] INFO: [2025-06-18T19:35:10.604Z] ✅ Phase 2 completed successfully
[2025-06-18T19:35:10.607Z] INFO: [2025-06-18T19:35:10.607Z] 📍 CHECKPOINT: postgresql_testing - Verifying PostgreSQL connection and capabilities
[2025-06-18T19:35:10.609Z] INFO: [2025-06-18T19:35:10.609Z] 
🔗 PHASE 3: POSTGRESQL TESTING
[2025-06-18T19:35:10.612Z] INFO: [2025-06-18T19:35:10.612Z] ===============================
[2025-06-18T19:35:10.614Z] INFO: ✓ PostgreSQL configuration loaded
[2025-06-18T19:35:10.615Z] INFO: 
🏢 ENTERPRISE POSTGRESQL TESTING
[2025-06-18T19:35:10.617Z] INFO: =================================
[2025-06-18T19:35:10.618Z] INFO: Target: localhost:5432/propie_dev
[2025-06-18T19:35:10.620Z] INFO: User: postgres
[2025-06-18T19:35:10.622Z] INFO: 
🧪 Testing: Basic Connection
[2025-06-18T19:35:10.637Z] INFO: ✓ Basic Connection - PASSED
[2025-06-18T19:35:10.637Z] INFO: 
🧪 Testing: Database Permissions
[2025-06-18T19:35:10.658Z] INFO: ✓ Database Permissions - PASSED
[2025-06-18T19:35:10.658Z] INFO: 
🧪 Testing: Required Extensions
[2025-06-18T19:35:10.689Z] INFO: ✓ Required Extensions - PASSED
[2025-06-18T19:35:10.689Z] INFO: 
🧪 Testing: Connection Pooling
[2025-06-18T19:35:10.700Z] INFO: ✓ Connection Pooling - PASSED
[2025-06-18T19:35:10.700Z] INFO: 
🧪 Testing: Performance Check
[2025-06-18T19:35:10.713Z] INFO: ✓ Performance Check - PASSED
[2025-06-18T19:35:10.714Z] INFO: 
📋 POSTGRESQL TEST REPORT
[2025-06-18T19:35:10.717Z] INFO: =========================
[2025-06-18T19:35:10.720Z] INFO: Overall Status: all_tests_passed
[2025-06-18T19:35:10.723Z] INFO: Tests Passed: 5/5
[2025-06-18T19:35:10.725Z] INFO: 
Detailed Report: /Users/kevin/backups/awsready_20250524/prop-ie-aws-app-PERFECT-WORKING-JUNE13-2025/database/backups/postgresql_test_2025-06-18T19-35-10-714Z.json
[2025-06-18T19:35:10.727Z] INFO: 
🎉 ALL TESTS PASSED - PostgreSQL ready for enterprise migration!
[2025-06-18T19:35:10.729Z] INFO: [2025-06-18T19:35:10.729Z] ✅ Phase 3 completed successfully
[2025-06-18T19:35:10.731Z] INFO: [2025-06-18T19:35:10.731Z] 📍 CHECKPOINT: schema_creation - Creating PostgreSQL enterprise schema
[2025-06-18T19:35:10.733Z] INFO: [2025-06-18T19:35:10.733Z] 
🏗️  PHASE 4: SCHEMA CREATION
[2025-06-18T19:35:10.735Z] INFO: [2025-06-18T19:35:10.735Z] ============================
[2025-06-18T19:35:10.741Z] INFO: [2025-06-18T19:35:10.741Z] 📄 Executing enterprise schema creation...
[2025-06-18T19:35:10.882Z] INFO: [2025-06-18T19:35:10.882Z] ❌ ERROR in schema_creation: column "tablename" does not exist
[2025-06-18T19:35:10.882Z] INFO: [2025-06-18T19:35:10.882Z] 
💥 MIGRATION PREPARATION FAILED
[2025-06-18T19:35:10.884Z] INFO: [2025-06-18T19:35:10.884Z] ===============================
[2025-06-18T19:35:10.887Z] INFO: [2025-06-18T19:35:10.887Z] Error: column "tablename" does not exist
[2025-06-18T19:35:10.891Z] INFO: [2025-06-18T19:35:10.891Z] All operations were non-destructive. Your SQLite database is untouched.
[2025-06-18T19:35:10.897Z] ERROR: 
❌ Migration preparation failed: column "tablename" does not exist
